0.000000 0.000000 100.000000
1.000000 0.000000 100.000000
2.000000 0.000000 100.000000
3.000000 0.000000 100.000000
4.000000 0.000000 100.000000
5.000000 0.000000 100.000000
6.000000 0.000000 100.000000
7.000000 0.000000 100.000000
8.000000 0.000000 100.000000
9.000000 0.000000 100.000000
10.000000 0.000000 100.000000
11.000000 0.000000 100.000000
12.000000 0.000000 100.000000
13.000000 0.000000 100.000000
14.000000 0.000000 100.000000
15.000000 0.000000 100.000000
16.000000 0.000000 100.000000
17.000000 0.000000 100.000000
18.000000 0.000000 100.000000
19.000000 0.000000 100.000000
20.000000 0.000000 100.000000
21.000000 0.000000 100.000000
22.000000 0.000000 100.000000
23.000000 0.000000 100.000000
24.000000 0.000000 100.000000
25.000000 0.000000 100.000000
26.000000 0.000000 100.000000
27.000000 0.000000 100.000000
28.000000 0.000000 100.000000
29.000000 0.000000 100.000000
30.000000 0.000000 100.000000
31.000000 0.000000 100.000000
32.000000 0.000000 100.000000
33.000000 0.000000 100.000000
34.000000 0.000000 100.000000
35.000000 0.000000 100.000000
36.000000 0.000000 100.000000
37.000000 0.000000 100.000000
38.000000 0.000000 100.000000
39.000000 0.000000 100.000000
40.000000 0.000000 100.000000
41.000000 0.000000 100.000000
42.000000 0.000000 100.000000
43.000000 0.000000 100.000000
44.000000 0.000000 100.000000
45.000000 0.000000 100.000000
46.000000 0.000000 100.000000
47.000000 0.000000 100.000000
48.000000 0.000000 100.000000
49.000000 0.000000 100.000000
50.000000 0.000000 100.000000
51.000000 0.000000 100.000000
52.000000 0.000000 100.000000
53.000000 0.000000 100.000000
54.000000 0.000000 100.000000
55.000000 0.000000 100.000000
56.000000 0.000000 100.000000
57.000000 0.000000 100.000000
58.000000 0.000000 100.000000
59.000000 0.000000 100.000000
60.000000 0.000000 100.000000
61.000000 0.000000 100.000000
62.000000 0.000000 100.000000
63.000000 0.000000 100.000000
64.000000 0.000000 100.000000
65.000000 0.000000 100.000000
0.000000 1.000000 0.000000
1.000000 1.000000 49.830522
2.000000 1.000000 69.424452
3.000000 1.000000 78.545401
4.000000 1.000000 83.455104
5.000000 1.000000 86.406789
6.000000 1.000000 88.325376
7.000000 1.000000 89.640588
8.000000 1.000000 90.574820
9.000000 1.000000 91.253904
10.000000 1.000000 91.754232
11.000000 1.000000 92.124578
12.000000 1.000000 92.396860
13.000000 1.000000 92.591587
14.000000 1.000000 92.720455
15.000000 1.000000 92.787170
16.000000 1.000000 92.786794
17.000000 1.000000 92.703376
18.000000 1.000000 92.504761
19.000000 1.000000 92.131834
20.000000 1.000000 91.475122
21.000000 1.000000 90.319627
22.000000 1.000000 88.201171
23.000000 1.000000 83.990167
24.000000 1.000000 74.551865
25.000000 1.000000 50.000000
26.000000 1.000000 74.757186
27.000000 1.000000 84.389506
28.000000 1.000000 88.771633
29.000000 1.000000 91.025930
30.000000 1.000000 92.267865
31.000000 1.000000 92.944056
32.000000 1.000000 93.245464
33.000000 1.000000 93.245464
34.000000 1.000000 92.944056
35.000000 1.000000 92.267865
36.000000 1.000000 91.025930
37.000000 1.000000 88.771633
38.000000 1.000000 84.389506
39.000000 1.000000 74.757186
40.000000 1.000000 50.000000
41.000000 1.000000 74.551865
42.000000 1.000000 83.990167
43.000000 1.000000 88.201171
44.000000 1.000000 90.319627
45.000000 1.000000 91.475122
46.000000 1.000000 92.131834
47.000000 1.000000 92.504761
48.000000 1.000000 92.703376
49.000000 1.000000 92.786794
50.000000 1.000000 92.787170
51.000000 1.000000 92.720455
52.000000 1.000000 92.591587
53.000000 1.000000 92.396860
54.000000 1.000000 92.124578
55.000000 1.000000 91.754232
56.000000 1.000000 91.253904
57.000000 1.000000 90.574820
58.000000 1.000000 89.640588
59.000000 1.000000 88.325376
60.000000 1.000000 86.406789
61.000000 1.000000 83.455104
62.000000 1.000000 78.545401
63.000000 1.000000 69.424452
64.000000 1.000000 49.830522
65.000000 1.000000 0.000000
0.000000 2.000000 0.000000
1.000000 2.000000 29.903862
2.000000 2.000000 49.334491
3.000000 2.000000 61.321315
4.000000 2.000000 68.894528
5.000000 2.000000 73.880412
6.000000 2.000000 77.295668
7.000000 2.000000 79.711766
8.000000 2.000000 81.462562
9.000000 2.000000 82.752387
10.000000 2.000000 83.711935
11.000000 2.000000 84.427708
12.000000 2.000000 84.957802
13.000000 2.000000 85.340336
14.000000 2.000000 85.597608
15.000000 2.000000 85.737423
16.000000 2.000000 85.752073
17.000000 2.000000 85.614674
18.000000 2.000000 85.271594
19.000000 2.000000 84.627980
20.000000 2.000000 83.520124
21.000000 2.000000 81.661855
22.000000 2.000000 78.541305
23.000000 2.000000 73.239406
24.000000 2.000000 64.233433
25.000000 2.000000 50.000000
26.000000 2.000000 64.660469
27.000000 2.000000 74.070745
28.000000 2.000000 79.731120
29.000000 2.000000 83.140111
30.000000 2.000000 85.189906
31.000000 2.000000 86.360008
32.000000 2.000000 86.893885
33.000000 2.000000 86.893885
34.000000 2.000000 86.360008
35.000000 2.000000 85.189906
36.000000 2.000000 83.140111
37.000000 2.000000 79.731120
38.000000 2.000000 74.070745
39.000000 2.000000 64.660469
40.000000 2.000000 50.000000
41.000000 2.000000 64.233433
42.000000 2.000000 73.239406
43.000000 2.000000 78.541305
44.000000 2.000000 81.661855
45.000000 2.000000 83.520124
46.000000 2.000000 84.627980
47.000000 2.000000 85.271594
48.000000 2.000000 85.614674
49.000000 2.000000 85.752073
50.000000 2.000000 85.737423
51.000000 2.000000 85.597608
52.000000 2.000000 85.340336
53.000000 2.000000 84.957802
54.000000 2.000000 84.427708
55.000000 2.000000 83.711935
56.000000 2.000000 82.752387
57.000000 2.000000 81.462562
58.000000 2.000000 79.711766
59.000000 2.000000 77.295668
60.000000 2.000000 73.880412
61.000000 2.000000 68.894528
62.000000 2.000000 61.321315
63.000000 2.000000 49.334491
64.000000 2.000000 29.903862
65.000000 2.000000 0.000000
0.000000 3.000000 0.000000
1.000000 3.000000 20.462317
2.000000 3.000000 36.712409
3.000000 3.000000 48.547688
4.000000 3.000000 56.971665
5.000000 3.000000 62.989415
6.000000 3.000000 67.344999
7.000000 3.000000 70.543826
8.000000 3.000000 72.922803
9.000000 3.000000 74.708427
10.000000 3.000000 76.055749
11.000000 3.000000 77.072640
12.000000 3.000000 77.834357
13.000000 3.000000 78.391890
14.000000 3.000000 78.776254
15.000000 3.000000 78.999872
16.000000 3.000000 79.055503
17.000000 3.000000 78.912599
18.000000 3.000000 78.510323
19.000000 3.000000 77.745689
20.000000 3.000000 76.454502
21.000000 3.000000 74.382979
22.000000 3.000000 71.153572
23.000000 3.000000 66.254879
24.000000 3.000000 59.174045
25.000000 3.000000 50.000000
26.000000 3.000000 59.855483
27.000000 3.000000 67.583139
28.000000 3.000000 73.059412
29.000000 3.000000 76.761936
30.000000 3.000000 79.164630
31.000000 3.000000 80.602151
32.000000 3.000000 81.274830
33.000000 3.000000 81.274830
34.000000 3.000000 80.602151
35.000000 3.000000 79.164630
36.000000 3.000000 76.761936
37.000000 3.000000 73.059412
38.000000 3.000000 67.583139
39.000000 3.000000 59.855483
40.000000 3.000000 50.000000
41.000000 3.000000 59.174045
42.000000 3.000000 66.254879
43.000000 3.000000 71.153572
44.000000 3.000000 74.382979
45.000000 3.000000 76.454502
46.000000 3.000000 77.745689
47.000000 3.000000 78.510323
48.000000 3.000000 78.912599
49.000000 3.000000 79.055503
50.000000 3.000000 78.999872
51.000000 3.000000 78.776254
52.000000 3.000000 78.391890
53.000000 3.000000 77.834357
54.000000 3.000000 77.072640
55.000000 3.000000 76.055749
56.000000 3.000000 74.708427
57.000000 3.000000 72.922803
58.000000 3.000000 70.543826
59.000000 3.000000 67.344999
60.000000 3.000000 62.989415
61.000000 3.000000 56.971665
62.000000 3.000000 48.547688
63.000000 3.000000 36.712409
64.000000 3.000000 20.462317
65.000000 3.000000 0.000000
0.000000 4.000000 0.000000
1.000000 4.000000 15.249445
2.000000 4.000000 28.538524
3.000000 4.000000 39.236579
4.000000 4.000000 47.525266
5.000000 4.000000 53.851149
6.000000 4.000000 58.663212
7.000000 4.000000 62.330359
8.000000 4.000000 65.133994
9.000000 4.000000 67.283186
10.000000 4.000000 68.932315
11.000000 4.000000 70.195233
12.000000 4.000000 71.155130
13.000000 4.000000 71.870716
14.000000 4.000000 72.379520
15.000000 4.000000 72.698902
16.000000 4.000000 72.825109
17.000000 4.000000 72.730441
18.000000 4.000000 72.358424
19.000000 4.000000 71.616938
20.000000 4.000000 70.369881
21.000000 4.000000 68.430487
22.000000 4.000000 65.566369
23.000000 4.000000 61.542390
24.000000 4.000000 56.253553
25.000000 4.000000 50.000000
26.000000 4.000000 57.238343
27.000000 4.000000 63.464327
28.000000 4.000000 68.331123
29.000000 4.000000 71.898095
30.000000 4.000000 74.354493
31.000000 4.000000 75.883637
32.000000 4.000000 76.615492
33.000000 4.000000 76.615492
34.000000 4.000000 75.883637
35.000000 4.000000 74.354493
36.000000 4.000000 71.898095
37.000000 4.000000 68.331123
38.000000 4.000000 63.464327
39.000000 4.000000 57.238343
40.000000 4.000000 50.000000
41.000000 4.000000 56.253553
42.000000 4.000000 61.542390
43.000000 4.000000 65.566369
44.000000 4.000000 68.430487
45.000000 4.000000 70.369881
46.000000 4.000000 71.616938
47.000000 4.000000 72.358424
48.000000 4.000000 72.730441
49.000000 4.000000 72.825109
50.000000 4.000000 72.698902
51.000000 4.000000 72.379520
52.000000 4.000000 71.870716
53.000000 4.000000 71.155130
54.000000 4.000000 70.195233
55.000000 4.000000 68.932315
56.000000 4.000000 67.283186
57.000000 4.000000 65.133994
58.000000 4.000000 62.330359
59.000000 4.000000 58.663212
60.000000 4.000000 53.851149
61.000000 4.000000 47.525266
62.000000 4.000000 39.236579
63.000000 4.000000 28.538524
64.000000 4.000000 15.249445
65.000000 4.000000 0.000000
0.000000 5.000000 0.000000
1.000000 5.000000 12.016459
2.000000 5.000000 22.995367
3.000000 5.000000 32.395983
4.000000 5.000000 40.125922
5.000000 5.000000 46.335905
6.000000 5.000000 51.262262
7.000000 5.000000 55.144471
8.000000 5.000000 58.192660
9.000000 5.000000 60.580019
10.000000 5.000000 62.445114
11.000000 5.000000 63.896832
12.000000 5.000000 65.018980
13.000000 5.000000 65.873553
14.000000 5.000000 66.502502
15.000000 5.000000 66.928102
16.000000 5.000000 67.152092
17.000000 5.000000 67.153804
18.000000 5.000000 66.887622
19.000000 5.000000 66.280520
20.000000 5.000000 65.231396
21.000000 5.000000 63.616049
22.000000 5.000000 61.305314
23.000000 5.000000 58.208725
24.000000 5.000000 54.355716
25.000000 5.000000 50.000000
26.000000 5.000000 55.709433
27.000000 5.000000 60.853130
28.000000 5.000000 65.117145
29.000000 5.000000 68.415997
30.000000 5.000000 70.787604
31.000000 5.000000 72.309424
32.000000 5.000000 73.050873
33.000000 5.000000 73.050873
34.000000 5.000000 72.309424
35.000000 5.000000 70.787604
36.000000 5.000000 68.415997
37.000000 5.000000 65.117145
38.000000 5.000000 60.853130
39.000000 5.000000 55.709433
40.000000 5.000000 50.000000
41.000000 5.000000 54.355716
42.000000 5.000000 58.208725
43.000000 5.000000 61.305314
44.000000 5.000000 63.616049
45.000000 5.000000 65.231396
46.000000 5.000000 66.280520
47.000000 5.000000 66.887622
48.000000 5.000000 67.153804
49.000000 5.000000 67.152092
50.000000 5.000000 66.928102
51.000000 5.000000 66.502502
52.000000 5.000000 65.873553
53.000000 5.000000 65.018980
54.000000 5.000000 63.896832
55.000000 5.000000 62.445114
56.000000 5.000000 60.580019
57.000000 5.000000 58.192660
58.000000 5.000000 55.144471
59.000000 5.000000 51.262262
60.000000 5.000000 46.335905
61.000000 5.000000 40.125922
62.000000 5.000000 32.395983
63.000000 5.000000 22.995367
64.000000 5.000000 12.016459
65.000000 5.000000 0.000000
0.000000 6.000000 0.000000
1.000000 6.000000 9.841829
2.000000 6.000000 19.072990
3.000000 6.000000 27.291877
4.000000 6.000000 34.337860
5.000000 6.000000 40.223592
6.000000 6.000000 45.055154
7.000000 6.000000 48.974700
8.000000 6.000000 52.127965
9.000000 6.000000 54.648979
10.000000 6.000000 56.654368
11.000000 6.000000 58.242140
12.000000 6.000000 59.492073
13.000000 6.000000 60.466305
14.000000 6.000000 61.209525
15.000000 6.000000 61.748579
16.000000 6.000000 62.091547
17.000000 6.000000 62.226549
18.000000 6.000000 62.120789
19.000000 6.000000 61.720833
20.000000 6.000000 60.955857
21.000000 6.000000 59.746741
22.000000 6.000000 58.024995
23.000000 6.000000 55.765144
24.000000 6.000000 53.028570
25.000000 6.000000 50.000000
26.000000 6.000000 54.834670
27.000000 6.000000 59.294566
28.000000 6.000000 63.118254
29.000000 6.000000 66.177117
30.000000 6.000000 68.438704
31.000000 6.000000 69.919927
32.000000 6.000000 70.650520
33.000000 6.000000 70.650520
34.000000 6.000000 69.919927
35.000000 6.000000 68.438704
36.000000 6.000000 66.177117
37.000000 6.000000 63.118254
38.000000 6.000000 59.294566
39.000000 6.000000 54.834670
40.000000 6.000000 50.000000
41.000000 6.000000 53.028570
42.000000 6.000000 55.765144
43.000000 6.000000 58.024995
44.000000 6.000000 59.746741
45.000000 6.000000 60.955857
46.000000 6.000000 61.720833
47.000000 6.000000 62.120789
48.000000 6.000000 62.226549
49.000000 6.000000 62.091547
50.000000 6.000000 61.748579
51.000000 6.000000 61.209525
52.000000 6.000000 60.466305
53.000000 6.000000 59.492073
54.000000 6.000000 58.242140
55.000000 6.000000 56.654368
56.000000 6.000000 54.648979
57.000000 6.000000 52.127965
58.000000 6.000000 48.974700
59.000000 6.000000 45.055154
60.000000 6.000000 40.223592
61.000000 6.000000 34.337860
62.000000 6.000000 27.291877
63.000000 6.000000 19.072990
64.000000 6.000000 9.841829
65.000000 6.000000 0.000000
0.000000 7.000000 0.000000
1.000000 7.000000 8.298064
2.000000 7.000000 16.204377
3.000000 7.000000 23.425521
4.000000 7.000000 29.801030
5.000000 7.000000 35.285722
6.000000 7.000000 39.912765
7.000000 7.000000 43.759075
8.000000 7.000000 46.920491
9.000000 7.000000 49.496469
10.000000 7.000000 51.581567
11.000000 7.000000 53.261004
12.000000 7.000000 54.608336
13.000000 7.000000 55.684054
14.000000 7.000000 56.534442
15.000000 7.000000 57.190433
16.000000 7.000000 57.666438
17.000000 7.000000 57.959367
18.000000 7.000000 58.048349
19.000000 7.000000 57.896062
20.000000 7.000000 57.453081
21.000000 7.000000 56.667159
22.000000 7.000000 55.499322
23.000000 7.000000 53.946963
24.000000 7.000000 52.069091
25.000000 7.000000 50.000000
26.000000 7.000000 54.431760
27.000000 7.000000 58.562124
28.000000 7.000000 62.158629
29.000000 7.000000 65.082477
30.000000 7.000000 67.274489
31.000000 7.000000 68.725064
32.000000 7.000000 69.445049
33.000000 7.000000 69.445049
34.000000 7.000000 68.725064
35.000000 7.000000 67.274489
36.000000 7.000000 65.082477
37.000000 7.000000 62.158629
38.000000 7.000000 58.562124
39.000000 7.000000 54.431760
40.000000 7.000000 50.000000
41.000000 7.000000 52.069091
42.000000 7.000000 53.946963
43.000000 7.000000 55.499322
44.000000 7.000000 56.667159
45.000000 7.000000 57.453081
46.000000 7.000000 57.896062
47.000000 7.000000 58.048349
48.000000 7.000000 57.959367
49.000000 7.000000 57.666438
50.000000 7.000000 57.190433
51.000000 7.000000 56.534442
52.000000 7.000000 55.684054
53.000000 7.000000 54.608336
54.000000 7.000000 53.261004
55.000000 7.000000 51.581567
56.000000 7.000000 49.496469
57.000000 7.000000 46.920491
58.000000 7.000000 43.759075
59.000000 7.000000 39.912765
60.000000 7.000000 35.285722
61.000000 7.000000 29.801030
62.000000 7.000000 23.425521
63.000000 7.000000 16.204377
64.000000 7.000000 8.298064
65.000000 7.000000 0.000000
0.000000 8.000000 0.000000
1.000000 8.000000 7.163764
2.000000 8.000000 14.057702
3.000000 8.000000 20.463138
4.000000 8.000000 26.238337
5.000000 8.000000 31.317714
6.000000 8.000000 35.696183
7.000000 8.000000 39.409833
8.000000 8.000000 42.519069
9.000000 8.000000 45.096073
10.000000 8.000000 47.216275
11.000000 8.000000 48.952732
12.000000 8.000000 50.372395
13.000000 8.000000 51.533438
14.000000 8.000000 52.483150
15.000000 8.000000 53.256129
16.000000 8.000000 53.872709
17.000000 8.000000 54.337762
18.000000 8.000000 54.640263
19.000000 8.000000 54.754327
20.000000 8.000000 54.642810
21.000000 8.000000 54.264960
22.000000 8.000000 53.589523
23.000000 8.000000 52.613377
24.000000 8.000000 51.381870
25.000000 8.000000 50.000000
26.000000 8.000000 54.431760
27.000000 8.000000 58.562124
28.000000 8.000000 62.158629
29.000000 8.000000 65.082477
30.000000 8.000000 67.274489
31.000000 8.000000 68.725064
32.000000 8.000000 69.445049
33.000000 8.000000 69.445049
34.000000 8.000000 68.725064
35.000000 8.000000 67.274489
36.000000 8.000000 65.082477
37.000000 8.000000 62.158629
38.000000 8.000000 58.562124
39.000000 8.000000 54.431760
40.000000 8.000000 50.000000
41.000000 8.000000 51.381870
42.000000 8.000000 52.613377
43.000000 8.000000 53.589523
44.000000 8.000000 54.264960
45.000000 8.000000 54.642810
46.000000 8.000000 54.754327
47.000000 8.000000 54.640263
48.000000 8.000000 54.337762
49.000000 8.000000 53.872709
50.000000 8.000000 53.256129
51.000000 8.000000 52.483150
52.000000 8.000000 51.533438
53.000000 8.000000 50.372395
54.000000 8.000000 48.952732
55.000000 8.000000 47.216275
56.000000 8.000000 45.096073
57.000000 8.000000 42.519069
58.000000 8.000000 39.409833
59.000000 8.000000 35.696183
60.000000 8.000000 31.317714
61.000000 8.000000 26.238337
62.000000 8.000000 20.463138
63.000000 8.000000 14.057702
64.000000 8.000000 7.163764
65.000000 8.000000 0.000000
0.000000 9.000000 0.000000
1.000000 9.000000 6.312833
2.000000 9.000000 12.428197
3.000000 9.000000 18.177781
4.000000 9.000000 23.440456
5.000000 9.000000 28.146535
6.000000 9.000000 32.272126
7.000000 9.000000 35.828971
8.000000 9.000000 38.853695
9.000000 9.000000 41.398452
10.000000 9.000000 43.523526
11.000000 9.000000 45.291716
12.000000 9.000000 46.764075
13.000000 9.000000 47.996587
14.000000 9.000000 49.037445
15.000000 9.000000 49.924717
16.000000 9.000000 50.684304
17.000000 9.000000 51.328214
18.000000 9.000000 51.853340
19.000000 9.000000 52.241177
20.000000 9.000000 52.459290
21.000000 9.000000 52.465983
22.000000 9.000000 52.220383
23.000000 9.000000 51.700481
24.000000 9.000000 50.929338
25.000000 9.000000 50.000000
26.000000 9.000000 54.834670
27.000000 9.000000 59.294566
28.000000 9.000000 63.118254
29.000000 9.000000 66.177117
30.000000 9.000000 68.438704
31.000000 9.000000 69.919927
32.000000 9.000000 70.650520
33.000000 9.000000 70.650520
34.000000 9.000000 69.919927
35.000000 9.000000 68.438704
36.000000 9.000000 66.177117
37.000000 9.000000 63.118254
38.000000 9.000000 59.294566
39.000000 9.000000 54.834670
40.000000 9.000000 50.000000
41.000000 9.000000 50.929338
42.000000 9.000000 51.700481
43.000000 9.000000 52.220383
44.000000 9.000000 52.465983
45.000000 9.000000 52.459290
46.000000 9.000000 52.241177
47.000000 9.000000 51.853340
48.000000 9.000000 51.328214
49.000000 9.000000 50.684304
50.000000 9.000000 49.924717
51.000000 9.000000 49.037445
52.000000 9.000000 47.996587
53.000000 9.000000 46.764075
54.000000 9.000000 45.291716
55.000000 9.000000 43.523526
56.000000 9.000000 41.398452
57.000000 9.000000 38.853695
58.000000 9.000000 35.828971
59.000000 9.000000 32.272126
60.000000 9.000000 28.146535
61.000000 9.000000 23.440456
62.000000 9.000000 18.177781
63.000000 9.000000 12.428197
64.000000 9.000000 6.312833
65.000000 9.000000 0.000000
0.000000 10.000000 0.000000
1.000000 10.000000 5.667324
2.000000 10.000000 11.182220
3.000000 10.000000 16.410357
4.000000 10.000000 21.248246
5.000000 10.000000 25.628531
6.000000 10.000000 29.518920
7.000000 10.000000 32.917210
8.000000 10.000000 35.844710
9.000000 10.000000 38.339591
10.000000 10.000000 40.450896
11.000000 10.000000 42.233458
12.000000 10.000000 43.743664
13.000000 10.000000 45.035907
14.000000 10.000000 46.159554
15.000000 10.000000 47.156266
16.000000 10.000000 48.057534
17.000000 10.000000 48.882307
18.000000 10.000000 49.634636
19.000000 10.000000 50.301327
20.000000 10.000000 50.849922
21.000000 10.000000 51.228244
22.000000 10.000000 51.368997
23.000000 10.000000 51.207054
24.000000 10.000000 50.720971
25.000000 10.000000 50.000000
26.000000 10.000000 55.709433
27.000000 10.000000 60.853130
28.000000 10.000000 65.117145
29.000000 10.000000 68.415997
30.000000 10.000000 70.787604
31.000000 10.000000 72.309424
32.000000 10.000000 73.050873
33.000000 10.000000 73.050873
34.000000 10.000000 72.309424
35.000000 10.000000 70.787604
36.000000 10.000000 68.415997
37.000000 10.000000 65.117145
38.000000 10.000000 60.853130
39.000000 10.000000 55.709433
40.000000 10.000000 50.000000
41.000000 10.000000 50.720971
42.000000 10.000000 51.207054
43.000000 10.000000 51.368997
44.000000 10.000000 51.228244
45.000000 10.000000 50.849922
46.000000 10.000000 50.301327
47.000000 10.000000 49.634636
48.000000 10.000000 48.882307
49.000000 10.000000 48.057534
50.000000 10.000000 47.156266
51.000000 10.000000 46.159554
52.000000 10.000000 45.035907
53.000000 10.000000 43.743664
54.000000 10.000000 42.233458
55.000000 10.000000 40.450896
56.000000 10.000000 38.339591
57.000000 10.000000 35.844710
58.000000 10.000000 32.917210
59.000000 10.000000 29.518920
60.000000 10.000000 25.628531
61.000000 10.000000 21.248246
62.000000 10.000000 16.410357
63.000000 10.000000 11.182220
64.000000 10.000000 5.667324
65.000000 10.000000 0.000000
0.000000 11.000000 0.000000
1.000000 11.000000 5.175553
2.000000 11.000000 10.227711
3.000000 11.000000 15.045265
4.000000 11.000000 19.538561
5.000000 11.000000 23.644602
6.000000 11.000000 27.328010
7.000000 11.000000 30.578926
8.000000 11.000000 33.409122
9.000000 11.000000 35.847379
10.000000 11.000000 37.934802
11.000000 11.000000 39.720444
12.000000 11.000000 41.257368
13.000000 11.000000 42.599169
14.000000 11.000000 43.796882
15.000000 11.000000 44.896181
16.000000 11.000000 45.934674
17.000000 11.000000 46.939053
18.000000 11.000000 47.921666
19.000000 11.000000 48.875872
20.000000 11.000000 49.769384
21.000000 11.000000 50.535311
22.000000 11.000000 51.063707
23.000000 11.000000 51.206688
24.000000 11.000000 50.834073
25.000000 11.000000 50.000000
26.000000 11.000000 57.238343
27.000000 11.000000 63.464327
28.000000 11.000000 68.331123
29.000000 11.000000 71.898095
30.000000 11.000000 74.354493
31.000000 11.000000 75.883637
32.000000 11.000000 76.615492
33.000000 11.000000 76.615492
34.000000 11.000000 75.883637
35.000000 11.000000 74.354493
36.000000 11.000000 71.898095
37.000000 11.000000 68.331123
38.000000 11.000000 63.464327
39.000000 11.000000 57.238343
40.000000 11.000000 50.000000
41.000000 11.000000 50.834073
42.000000 11.000000 51.206688
43.000000 11.000000 51.063707
44.000000 11.000000 50.535311
45.000000 11.000000 49.769384
46.000000 11.000000 48.875872
47.000000 11.000000 47.921666
48.000000 11.000000 46.939053
49.000000 11.000000 45.934674
50.000000 11.000000 44.896181
51.000000 11.000000 43.796882
52.000000 11.000000 42.599169
53.000000 11.000000 41.257368
54.000000 11.000000 39.720444
55.000000 11.000000 37.934802
56.000000 11.000000 35.847379
57.000000 11.000000 33.409122
58.000000 11.000000 30.578926
59.000000 11.000000 27.328010
60.000000 11.000000 23.644602
61.000000 11.000000 19.538561
62.000000 11.000000 15.045265
63.000000 11.000000 10.227711
64.000000 11.000000 5.175553
65.000000 11.000000 0.000000
0.000000 12.000000 0.000000
1.000000 12.000000 4.801174
2.000000 12.000000 9.498136
3.000000 12.000000 13.995542
4.000000 12.000000 18.214160
5.000000 12.000000 22.095508
6.000000 12.000000 25.603682
7.000000 12.000000 28.724833
8.000000 12.000000 31.464963
9.000000 12.000000 33.846747
10.000000 12.000000 35.905906
11.000000 12.000000 37.687530
12.000000 12.000000 39.242560
13.000000 12.000000 40.624551
14.000000 12.000000 41.886740
15.000000 12.000000 43.079362
16.000000 12.000000 44.247043
17.000000 12.000000 45.425953
18.000000 12.000000 46.640010
19.000000 12.000000 47.894813
20.000000 12.000000 49.166701
21.000000 12.000000 50.382591
22.000000 12.000000 51.385515
23.000000 12.000000 51.890809
24.000000 12.000000 51.495633
25.000000 12.000000 50.000000
26.000000 12.000000 59.855483
27.000000 12.000000 67.583139
28.000000 12.000000 73.059412
29.000000 12.000000 76.761936
30.000000 12.000000 79.164630
31.000000 12.000000 80.602151
32.000000 12.000000 81.274830
33.000000 12.000000 81.274830
34.000000 12.000000 80.602151
35.000000 12.000000 79.164630
36.000000 12.000000 76.761936
37.000000 12.000000 73.059412
38.000000 12.000000 67.583139
39.000000 12.000000 59.855483
40.000000 12.000000 50.000000
41.000000 12.000000 51.495633
42.000000 12.000000 51.890809
43.000000 12.000000 51.385515
44.000000 12.000000 50.382591
45.000000 12.000000 49.166701
46.000000 12.000000 47.894813
47.000000 12.000000 46.640010
48.000000 12.000000 45.425953
49.000000 12.000000 44.247043
50.000000 12.000000 43.079362
51.000000 12.000000 41.886740
52.000000 12.000000 40.624551
53.000000 12.000000 39.242560
54.000000 12.000000 37.687530
55.000000 12.000000 35.905906
56.000000 12.000000 33.846747
57.000000 12.000000 31.464963
58.000000 12.000000 28.724833
59.000000 12.000000 25.603682
60.000000 12.000000 22.095508
61.000000 12.000000 18.214160
62.000000 12.000000 13.995542
63.000000 12.000000 9.498136
64.000000 12.000000 4.801174
65.000000 12.000000 0.000000
0.000000 13.000000 0.000000
1.000000 13.000000 4.517405
2.000000 13.000000 8.943482
3.000000 13.000000 13.193832
4.000000 13.000000 17.196900
5.000000 13.000000 20.898153
6.000000 13.000000 24.262264
7.000000 13.000000 27.273449
8.000000 13.000000 29.934307
9.000000 13.000000 32.263628
10.000000 13.000000 34.293585
11.000000 13.000000 36.066666
12.000000 13.000000 37.632596
13.000000 13.000000 39.045443
14.000000 13.000000 40.360993
15.000000 13.000000 41.634421
16.000000 13.000000 42.918189
17.000000 13.000000 44.259929
18.000000 13.000000 45.699688
19.000000 13.000000 47.265056
20.000000 13.000000 48.960375
21.000000 13.000000 50.740506
22.000000 13.000000 52.445514
23.000000 13.000000 53.645465
24.000000 13.000000 53.346100
25.000000 13.000000 50.000000
26.000000 13.000000 64.660469
27.000000 13.000000 74.070745
28.000000 13.000000 79.731120
29.000000 13.000000 83.140111
30.000000 13.000000 85.189906
31.000000 13.000000 86.360008
32.000000 13.000000 86.893885
33.000000 13.000000 86.893885
34.000000 13.000000 86.360008
35.000000 13.000000 85.189906
36.000000 13.000000 83.140111
37.000000 13.000000 79.731120
38.000000 13.000000 74.070745
39.000000 13.000000 64.660469
40.000000 13.000000 50.000000
41.000000 13.000000 53.346100
42.000000 13.000000 53.645465
43.000000 13.000000 52.445514
44.000000 13.000000 50.740506
45.000000 13.000000 48.960375
46.000000 13.000000 47.265056
47.000000 13.000000 45.699688
48.000000 13.000000 44.259929
49.000000 13.000000 42.918189
50.000000 13.000000 41.634421
51.000000 13.000000 40.360993
52.000000 13.000000 39.045443
53.000000 13.000000 37.632596
54.000000 13.000000 36.066666
55.000000 13.000000 34.293585
56.000000 13.000000 32.263628
57.000000 13.000000 29.934307
58.000000 13.000000 27.273449
59.000000 13.000000 24.262264
60.000000 13.000000 20.898153
61.000000 13.000000 17.196900
62.000000 13.000000 13.193832
63.000000 13.000000 8.943482
64.000000 13.000000 4.517405
65.000000 13.000000 0.000000
0.000000 14.000000 0.000000
1.000000 14.000000 4.303827
2.000000 14.000000 8.525057
3.000000 14.000000 12.586861
4.000000 14.000000 16.423240
5.000000 14.000000 19.982841
6.000000 14.000000 23.231271
7.000000 14.000000 26.151898
8.000000 14.000000 28.745337
9.000000 14.000000 31.027923
10.000000 14.000000 33.029502
11.000000 14.000000 34.790859
12.000000 14.000000 36.361055
13.000000 14.000000 37.794885
14.000000 14.000000 39.150641
15.000000 14.000000 40.488288
16.000000 14.000000 41.868155
17.000000 14.000000 43.350204
18.000000 14.000000 44.993857
19.000000 14.000000 46.858105
20.000000 14.000000 49.000449
21.000000 14.000000 51.468221
22.000000 14.000000 54.253231
23.000000 14.000000 57.074542
24.000000 14.000000 58.336246
25.000000 14.000000 50.000000
26.000000 14.000000 74.757186
27.000000 14.000000 84.389506
28.000000 14.000000 88.771633
29.000000 14.000000 91.025930
30.000000 14.000000 92.267865
31.000000 14.000000 92.944056
32.000000 14.000000 93.245464
33.000000 14.000000 93.245464
34.000000 14.000000 92.944056
35.000000 14.000000 92.267865
36.000000 14.000000 91.025930
37.000000 14.000000 88.771633
38.000000 14.000000 84.389506
39.000000 14.000000 74.757186
40.000000 14.000000 50.000000
41.000000 14.000000 58.336246
42.000000 14.000000 57.074542
43.000000 14.000000 54.253231
44.000000 14.000000 51.468221
45.000000 14.000000 49.000449
46.000000 14.000000 46.858105
47.000000 14.000000 44.993857
48.000000 14.000000 43.350204
49.000000 14.000000 41.868155
50.000000 14.000000 40.488288
51.000000 14.000000 39.150641
52.000000 14.000000 37.794885
53.000000 14.000000 36.361055
54.000000 14.000000 34.790859
55.000000 14.000000 33.029502
56.000000 14.000000 31.027923
57.000000 14.000000 28.745337
58.000000 14.000000 26.151898
59.000000 14.000000 23.231271
60.000000 14.000000 19.982841
61.000000 14.000000 16.423240
62.000000 14.000000 12.586861
63.000000 14.000000 8.525057
64.000000 14.000000 4.303827
65.000000 14.000000 0.000000
0.000000 15.000000 0.000000
1.000000 15.000000 4.144521
2.000000 15.000000 8.212381
3.000000 15.000000 12.131971
4.000000 15.000000 15.841246
5.000000 15.000000 19.291282
6.000000 15.000000 22.448610
7.000000 15.000000 25.296269
8.000000 15.000000 27.833694
9.000000 15.000000 30.075620
10.000000 15.000000 32.050303
11.000000 15.000000 33.797326
12.000000 15.000000 35.365271
13.000000 15.000000 36.809501
14.000000 15.000000 38.190268
15.000000 15.000000 39.571381
16.000000 15.000000 41.019674
17.000000 15.000000 42.605702
18.000000 15.000000 44.406447
19.000000 15.000000 46.511865
20.000000 15.000000 49.039983
21.000000 15.000000 52.174746
22.000000 15.000000 56.275629
23.000000 15.000000 62.251193
24.000000 15.000000 73.028929
25.000000 15.000000 100.000000
26.000000 15.000000 100.000000
27.000000 15.000000 100.000000
28.000000 15.000000 100.000000
29.000000 15.000000 100.000000
30.000000 15.000000 100.000000
31.000000 15.000000 100.000000
32.000000 15.000000 100.000000
33.000000 15.000000 100.000000
34.000000 15.000000 100.000000
35.000000 15.000000 100.000000
36.000000 15.000000 100.000000
37.000000 15.000000 100.000000
38.000000 15.000000 100.000000
39.000000 15.000000 100.000000
40.000000 15.000000 100.000000
41.000000 15.000000 73.028929
42.000000 15.000000 62.251193
43.000000 15.000000 56.275629
44.000000 15.000000 52.174746
45.000000 15.000000 49.039983
46.000000 15.000000 46.511865
47.000000 15.000000 44.406447
48.000000 15.000000 42.605702
49.000000 15.000000 41.019674
50.000000 15.000000 39.571381
51.000000 15.000000 38.190268
52.000000 15.000000 36.809501
53.000000 15.000000 35.365271
54.000000 15.000000 33.797326
55.000000 15.000000 32.050303
56.000000 15.000000 30.075620
57.000000 15.000000 27.833694
58.000000 15.000000 25.296269
59.000000 15.000000 22.448610
60.000000 15.000000 19.291282
61.000000 15.000000 15.841246
62.000000 15.000000 12.131971
63.000000 15.000000 8.212381
64.000000 15.000000 4.144521
65.000000 15.000000 0.000000
0.000000 16.000000 0.000000
1.000000 16.000000 4.026936
2.000000 16.000000 7.981234
3.000000 16.000000 11.794857
4.000000 16.000000 15.408528
5.000000 16.000000 18.775090
6.000000 16.000000 21.861825
7.000000 16.000000 24.651649
8.000000 16.000000 27.143225
9.000000 16.000000 29.350154
10.000000 16.000000 31.299486
11.000000 16.000000 33.029788
12.000000 16.000000 34.589057
13.000000 16.000000 36.032731
14.000000 16.000000 37.422034
15.000000 16.000000 38.822930
16.000000 16.000000 40.306003
17.000000 16.000000 41.947804
18.000000 16.000000 43.834639
19.000000 16.000000 46.070808
20.000000 16.000000 48.795634
21.000000 16.000000 52.218685
22.000000 16.000000 56.691837
23.000000 16.000000 62.840201
24.000000 16.000000 71.662004
25.000000 16.000000 83.508471
26.000000 16.000000 88.136939
27.000000 16.000000 90.265978
28.000000 16.000000 91.384188
29.000000 16.000000 92.024740
30.000000 16.000000 92.404379
31.000000 16.000000 92.620738
32.000000 16.000000 92.719597
33.000000 16.000000 92.719597
34.000000 16.000000 92.620738
35.000000 16.000000 92.404379
36.000000 16.000000 92.024740
37.000000 16.000000 91.384188
38.000000 16.000000 90.265978
39.000000 16.000000 88.136939
40.000000 16.000000 83.508471
41.000000 16.000000 71.662004
42.000000 16.000000 62.840201
43.000000 16.000000 56.691837
44.000000 16.000000 52.218685
45.000000 16.000000 48.795634
46.000000 16.000000 46.070808
47.000000 16.000000 43.834639
48.000000 16.000000 41.947804
49.000000 16.000000 40.306003
50.000000 16.000000 38.822930
51.000000 16.000000 37.422034
52.000000 16.000000 36.032731
53.000000 16.000000 34.589057
54.000000 16.000000 33.029788
55.000000 16.000000 31.299486
56.000000 16.000000 29.350154
57.000000 16.000000 27.143225
58.000000 16.000000 24.651649
59.000000 16.000000 21.861825
60.000000 16.000000 18.775090
61.000000 16.000000 15.408528
62.000000 16.000000 11.794857
63.000000 16.000000 7.981234
64.000000 16.000000 4.026936
65.000000 16.000000 0.000000
0.000000 17.000000 0.000000
1.000000 17.000000 3.941145
2.000000 17.000000 7.812355
3.000000 17.000000 11.548008
4.000000 17.000000 15.090716
5.000000 17.000000 18.394548
6.000000 17.000000 21.427320
7.000000 17.000000 24.171851
8.000000 17.000000 26.626212
9.000000 17.000000 28.803092
10.000000 17.000000 30.728479
11.000000 17.000000 32.439902
12.000000 17.000000 33.984487
13.000000 17.000000 35.417071
14.000000 17.000000 36.798629
15.000000 17.000000 38.195250
16.000000 17.000000 39.677937
17.000000 17.000000 41.323648
18.000000 17.000000 43.218149
19.000000 17.000000 45.461622
20.000000 17.000000 48.178218
21.000000 17.000000 51.529947
22.000000 17.000000 55.729141
23.000000 17.000000 61.016709
24.000000 17.000000 67.481790
25.000000 17.000000 74.389265
26.000000 17.000000 78.908849
27.000000 17.000000 81.672575
28.000000 17.000000 83.374916
29.000000 17.000000 84.440148
30.000000 17.000000 85.103126
31.000000 17.000000 85.491214
32.000000 17.000000 85.670937
33.000000 17.000000 85.670937
34.000000 17.000000 85.491214
35.000000 17.000000 85.103126
36.000000 17.000000 84.440148
37.000000 17.000000 83.374916
38.000000 17.000000 81.672575
39.000000 17.000000 78.908849
40.000000 17.000000 74.389265
41.000000 17.000000 67.481790
42.000000 17.000000 61.016709
43.000000 17.000000 55.729141
44.000000 17.000000 51.529947
45.000000 17.000000 48.178218
46.000000 17.000000 45.461622
47.000000 17.000000 43.218149
48.000000 17.000000 41.323648
49.000000 17.000000 39.677937
50.000000 17.000000 38.195250
51.000000 17.000000 36.798629
52.000000 17.000000 35.417071
53.000000 17.000000 33.984487
54.000000 17.000000 32.439902
55.000000 17.000000 30.728479
56.000000 17.000000 28.803092
57.000000 17.000000 26.626212
58.000000 17.000000 24.171851
59.000000 17.000000 21.427320
60.000000 17.000000 18.394548
61.000000 17.000000 15.090716
62.000000 17.000000 11.548008
63.000000 17.000000 7.812355
64.000000 17.000000 3.941145
65.000000 17.000000 0.000000
0.000000 18.000000 0.000000
1.000000 18.000000 3.879329
2.000000 18.000000 7.690516
3.000000 18.000000 11.369534
4.000000 18.000000 14.860251
5.000000 18.000000 18.117538
6.000000 18.000000 21.109529
7.000000 18.000000 23.818899
8.000000 18.000000 26.243181
9.000000 18.000000 28.394231
10.000000 18.000000 30.296998
11.000000 18.000000 31.987854
12.000000 18.000000 33.512703
13.000000 18.000000 34.925100
14.000000 18.000000 36.284611
15.000000 18.000000 37.655586
16.000000 18.000000 39.106540
17.000000 18.000000 40.710289
18.000000 18.000000 42.544965
19.000000 18.000000 44.695811
20.000000 18.000000 47.256874
21.000000 18.000000 50.329413
22.000000 18.000000 54.007669
23.000000 18.000000 58.329234
24.000000 18.000000 63.149067
25.000000 18.000000 67.923331
26.000000 18.000000 71.690116
27.000000 18.000000 74.390746
28.000000 18.000000 76.254052
29.000000 18.000000 77.512011
30.000000 18.000000 78.334124
31.000000 18.000000 78.829928
32.000000 18.000000 79.063243
33.000000 18.000000 79.063243
34.000000 18.000000 78.829928
35.000000 18.000000 78.334124
36.000000 18.000000 77.512011
37.000000 18.000000 76.254052
38.000000 18.000000 74.390746
39.000000 18.000000 71.690116
40.000000 18.000000 67.923331
41.000000 18.000000 63.149067
42.000000 18.000000 58.329234
43.000000 18.000000 54.007669
44.000000 18.000000 50.329413
45.000000 18.000000 47.256874
46.000000 18.000000 44.695811
47.000000 18.000000 42.544965
48.000000 18.000000 40.710289
49.000000 18.000000 39.106540
50.000000 18.000000 37.655586
51.000000 18.000000 36.284611
52.000000 18.000000 34.925100
53.000000 18.000000 33.512703
54.000000 18.000000 31.987854
55.000000 18.000000 30.296998
56.000000 18.000000 28.394231
57.000000 18.000000 26.243181
58.000000 18.000000 23.818899
59.000000 18.000000 21.109529
60.000000 18.000000 18.117538
61.000000 18.000000 14.860251
62.000000 18.000000 11.369534
63.000000 18.000000 7.690516
64.000000 18.000000 3.879329
65.000000 18.000000 0.000000
0.000000 19.000000 0.000000
1.000000 19.000000 3.835392
2.000000 19.000000 7.603802
3.000000 19.000000 11.242239
4.000000 19.000000 14.695364
5.000000 19.000000 17.918538
6.000000 19.000000 20.880028
7.000000 19.000000 23.562300
8.000000 19.000000 25.962355
9.000000 19.000000 28.091230
10.000000 19.000000 29.972817
11.000000 19.000000 31.642209
12.000000 19.000000 33.143791
13.000000 19.000000 34.529302
14.000000 19.000000 35.856024
15.000000 19.000000 37.185254
16.000000 19.000000 38.581123
17.000000 19.000000 40.109737
18.000000 19.000000 41.838470
19.000000 19.000000 43.834829
20.000000 19.000000 46.163529
21.000000 19.000000 48.878845
22.000000 19.000000 52.006630
23.000000 19.000000 55.508069
24.000000 19.000000 59.222354
25.000000 19.000000 62.820306
26.000000 19.000000 65.892021
27.000000 19.000000 68.303781
28.000000 19.000000 70.101477
29.000000 19.000000 71.388779
30.000000 19.000000 72.266053
31.000000 19.000000 72.809904
32.000000 19.000000 73.069840
33.000000 19.000000 73.069840
34.000000 19.000000 72.809904
35.000000 19.000000 72.266053
36.000000 19.000000 71.388779
37.000000 19.000000 70.101477
38.000000 19.000000 68.303781
39.000000 19.000000 65.892021
40.000000 19.000000 62.820306
41.000000 19.000000 59.222354
42.000000 19.000000 55.508069
43.000000 19.000000 52.006630
44.000000 19.000000 48.878845
45.000000 19.000000 46.163529
46.000000 19.000000 43.834829
47.000000 19.000000 41.838470
48.000000 19.000000 40.109737
49.000000 19.000000 38.581123
50.000000 19.000000 37.185254
51.000000 19.000000 35.856024
52.000000 19.000000 34.529302
53.000000 19.000000 33.143791
54.000000 19.000000 31.642209
55.000000 19.000000 29.972817
56.000000 19.000000 28.091230
57.000000 19.000000 25.962355
58.000000 19.000000 23.562300
59.000000 19.000000 20.880028
60.000000 19.000000 17.918538
61.000000 19.000000 14.695364
62.000000 19.000000 11.242239
63.000000 19.000000 7.603802
64.000000 19.000000 3.835392
65.000000 19.000000 0.000000
0.000000 20.000000 0.000000
1.000000 20.000000 3.804643
2.000000 20.000000 7.543035
3.000000 20.000000 11.152830
4.000000 20.000000 14.579170
5.000000 20.000000 17.777674
6.000000 20.000000 20.716614
7.000000 20.000000 23.378190
8.000000 20.000000 25.758867
9.000000 20.000000 27.868885
10.000000 20.000000 29.731075
11.000000 20.000000 31.379187
12.000000 20.000000 32.855932
13.000000 20.000000 34.210929
14.000000 20.000000 35.498713
15.000000 20.000000 36.776883
16.000000 20.000000 38.104412
17.000000 20.000000 39.540003
18.000000 20.000000 41.140217
19.000000 20.000000 42.956794
20.000000 20.000000 45.032106
21.000000 20.000000 47.391094
22.000000 20.000000 50.027631
23.000000 20.000000 52.884593
24.000000 20.000000 55.833354
25.000000 20.000000 58.674015
26.000000 20.000000 61.193949
27.000000 20.000000 63.281416
28.000000 20.000000 64.920552
29.000000 20.000000 66.146832
30.000000 20.000000 67.011018
31.000000 20.000000 67.559384
32.000000 20.000000 67.825078
33.000000 20.000000 67.825078
34.000000 20.000000 67.559384
35.000000 20.000000 67.011018
36.000000 20.000000 66.146832
37.000000 20.000000 64.920552
38.000000 20.000000 63.281416
39.000000 20.000000 61.193949
40.000000 20.000000 58.674015
41.000000 20.000000 55.833354
42.000000 20.000000 52.884593
43.000000 20.000000 50.027631
44.000000 20.000000 47.391094
45.000000 20.000000 45.032106
46.000000 20.000000 42.956794
47.000000 20.000000 41.140217
48.000000 20.000000 39.540003
49.000000 20.000000 38.104412
50.000000 20.000000 36.776883
51.000000 20.000000 35.498713
52.000000 20.000000 34.210929
53.000000 20.000000 32.855932
54.000000 20.000000 31.379187
55.000000 20.000000 29.731075
56.000000 20.000000 27.868885
57.000000 20.000000 25.758867
58.000000 20.000000 23.378190
59.000000 20.000000 20.716614
60.000000 20.000000 17.777674
61.000000 20.000000 14.579170
62.000000 20.000000 11.152830
63.000000 20.000000 7.543035
64.000000 20.000000 3.804643
65.000000 20.000000 0.000000
0.000000 21.000000 0.000000
1.000000 21.000000 3.783544
2.000000 21.000000 7.501280
3.000000 21.000000 11.091248
4.000000 21.000000 14.498857
5.000000 21.000000 17.679837
6.000000 21.000000 20.602382
7.000000 21.000000 23.248399
8.000000 21.000000 25.613842
9.000000 21.000000 27.708201
10.000000 21.000000 29.553298
11.000000 21.000000 31.181581
12.000000 21.000000 32.634090
13.000000 21.000000 33.958300
14.000000 21.000000 35.205940
15.000000 21.000000 36.430888
16.000000 21.000000 37.687096
17.000000 21.000000 39.026455
18.000000 21.000000 40.496342
19.000000 21.000000 42.136439
20.000000 21.000000 43.974265
21.000000 21.000000 46.018784
22.000000 21.000000 48.251888
23.000000 21.000000 50.619148
24.000000 21.000000 53.024818
25.000000 21.000000 55.340910
26.000000 21.000000 57.439491
27.000000 21.000000 59.236085
28.000000 21.000000 60.697296
29.000000 21.000000 61.825804
30.000000 21.000000 62.641860
31.000000 21.000000 63.169441
32.000000 21.000000 63.427949
33.000000 21.000000 63.427949
34.000000 21.000000 63.169441
35.000000 21.000000 62.641860
36.000000 21.000000 61.825804
37.000000 21.000000 60.697296
38.000000 21.000000 59.236085
39.000000 21.000000 57.439491
40.000000 21.000000 55.340910
41.000000 21.000000 53.024818
42.000000 21.000000 50.619148
43.000000 21.000000 48.251888
44.000000 21.000000 46.018784
45.000000 21.000000 43.974265
46.000000 21.000000 42.136439
47.000000 21.000000 40.496342
48.000000 21.000000 39.026455
49.000000 21.000000 37.687096
50.000000 21.000000 36.430888
51.000000 21.000000 35.205940
52.000000 21.000000 33.958300
53.000000 21.000000 32.634090
54.000000 21.000000 31.181581
55.000000 21.000000 29.553298
56.000000 21.000000 27.708201
57.000000 21.000000 25.613842
58.000000 21.000000 23.248399
59.000000 21.000000 20.602382
60.000000 21.000000 17.679837
61.000000 21.000000 14.498857
62.000000 21.000000 11.091248
63.000000 21.000000 7.501280
64.000000 21.000000 3.783544
65.000000 21.000000 0.000000
0.000000 22.000000 0.000000
1.000000 22.000000 3.769493
2.000000 22.000000 7.473436
3.000000 22.000000 11.050082
4.000000 22.000000 14.444979
5.000000 22.000000 17.613877
6.000000 22.000000 20.524853
7.000000 22.000000 23.159541
8.000000 22.000000 25.513437
9.000000 22.000000 27.595377
10.000000 22.000000 29.426302
11.000000 22.000000 31.037502
12.000000 22.000000 32.468527
13.000000 22.000000 33.764917
14.000000 22.000000 34.975896
15.000000 22.000000 36.152063
16.000000 22.000000 37.343096
17.000000 22.000000 38.595359
18.000000 22.000000 39.949265
19.000000 22.000000 41.436174
20.000000 22.000000 43.074613
21.000000 22.000000 44.865782
22.000000 22.000000 46.788793
23.000000 22.000000 48.797130
24.000000 22.000000 50.819283
25.000000 22.000000 52.767411
26.000000 22.000000 54.555283
27.000000 22.000000 56.118120
28.000000 22.000000 57.419694
29.000000 22.000000 58.447904
30.000000 22.000000 59.205764
31.000000 22.000000 59.702747
32.000000 22.000000 59.948398
33.000000 22.000000 59.948398
34.000000 22.000000 59.702747
35.000000 22.000000 59.205764
36.000000 22.000000 58.447904
37.000000 22.000000 57.419694
38.000000 22.000000 56.118120
39.000000 22.000000 54.555283
40.000000 22.000000 52.767411
41.000000 22.000000 50.819283
42.000000 22.000000 48.797130
43.000000 22.000000 46.788793
44.000000 22.000000 44.865782
45.000000 22.000000 43.074613
46.000000 22.000000 41.436174
47.000000 22.000000 39.949265
48.000000 22.000000 38.595359
49.000000 22.000000 37.343096
50.000000 22.000000 36.152063
51.000000 22.000000 34.975896
52.000000 22.000000 33.764917
53.000000 22.000000 32.468527
54.000000 22.000000 31.037502
55.000000 22.000000 29.426302
56.000000 22.000000 27.595377
57.000000 22.000000 25.513437
58.000000 22.000000 23.159541
59.000000 22.000000 20.524853
60.000000 22.000000 17.613877
61.000000 22.000000 14.444979
62.000000 22.000000 11.050082
63.000000 22.000000 7.473436
64.000000 22.000000 3.769493
65.000000 22.000000 0.000000
0.000000 23.000000 0.000000
1.000000 23.000000 3.760651
2.000000 23.000000 7.455892
3.000000 23.000000 11.024088
4.000000 23.000000 14.410843
5.000000 23.000000 17.571892
6.000000 23.000000 20.475199
7.000000 23.000000 23.102169
8.000000 23.000000 25.447942
9.000000 23.000000 27.520841
10.000000 23.000000 29.341121
11.000000 23.000000 30.939166
12.000000 23.000000 32.353351
13.000000 23.000000 33.627701
14.000000 23.000000 34.809480
15.000000 23.000000 35.946776
16.000000 23.000000 37.086070
17.000000 23.000000 38.269758
18.000000 23.000000 39.533523
19.000000 23.000000 40.903494
20.000000 23.000000 42.393195
21.000000 23.000000 44.000488
22.000000 23.000000 45.705081
23.000000 23.000000 47.467716
24.000000 23.000000 49.232561
25.000000 23.000000 50.934110
26.000000 23.000000 52.508028
27.000000 23.000000 53.901980
28.000000 23.000000 55.080995
29.000000 23.000000 56.026723
30.000000 23.000000 56.733093
31.000000 23.000000 57.201008
32.000000 23.000000 57.433745
33.000000 23.000000 57.433745
34.000000 23.000000 57.201008
35.000000 23.000000 56.733093
36.000000 23.000000 56.026723
37.000000 23.000000 55.080995
38.000000 23.000000 53.901980
39.000000 23.000000 52.508028
40.000000 23.000000 50.934110
41.000000 23.000000 49.232561
42.000000 23.000000 47.467716
43.000000 23.000000 45.705081
44.000000 23.000000 44.000488
45.000000 23.000000 42.393195
46.000000 23.000000 40.903494
47.000000 23.000000 39.533523
48.000000 23.000000 38.269758
49.000000 23.000000 37.086070
50.000000 23.000000 35.946776
51.000000 23.000000 34.809480
52.000000 23.000000 33.627701
53.000000 23.000000 32.353351
54.000000 23.000000 30.939166
55.000000 23.000000 29.341121
56.000000 23.000000 27.520841
57.000000 23.000000 25.447942
58.000000 23.000000 23.102169
59.000000 23.000000 20.475199
60.000000 23.000000 17.571892
61.000000 23.000000 14.410843
62.000000 23.000000 11.024088
63.000000 23.000000 7.455892
64.000000 23.000000 3.760651
65.000000 23.000000 0.000000
0.000000 24.000000 0.000000
1.000000 24.000000 3.755805
2.000000 24.000000 7.446265
3.000000 24.000000 11.009798
4.000000 24.000000 14.392029
5.000000 24.000000 17.548667
6.000000 24.000000 20.447598
7.000000 24.000000 23.070076
8.000000 24.000000 25.411012
9.000000 24.000000 27.478407
10.000000 24.000000 29.292075
11.000000 24.000000 30.881828
12.000000 24.000000 32.285290
13.000000 24.000000 33.545522
14.000000 24.000000 34.708553
15.000000 24.000000 35.820902
16.000000 24.000000 36.927096
17.000000 24.000000 38.067168
18.000000 24.000000 39.274094
19.000000 24.000000 40.571183
20.000000 24.000000 41.969514
21.000000 24.000000 43.465727
22.000000 24.000000 45.040684
23.000000 24.000000 46.659815
24.000000 24.000000 48.275944
25.000000 24.000000 49.834941
26.000000 24.000000 51.283344
27.000000 24.000000 52.575603
28.000000 24.000000 53.678333
29.000000 24.000000 54.570805
30.000000 24.000000 55.242670
31.000000 24.000000 55.690437
32.000000 24.000000 55.913999
33.000000 24.000000 55.913999
34.000000 24.000000 55.690437
35.000000 24.000000 55.242670
36.000000 24.000000 54.570805
37.000000 24.000000 53.678333
38.000000 24.000000 52.575603
39.000000 24.000000 51.283344
40.000000 24.000000 49.834941
41.000000 24.000000 48.275944
42.000000 24.000000 46.659815
43.000000 24.000000 45.040684
44.000000 24.000000 43.465727
45.000000 24.000000 41.969514
46.000000 24.000000 40.571183
47.000000 24.000000 39.274094
48.000000 24.000000 38.067168
49.000000 24.000000 36.927096
50.000000 24.000000 35.820902
51.000000 24.000000 34.708553
52.000000 24.000000 33.545522
53.000000 24.000000 32.285290
54.000000 24.000000 30.881828
55.000000 24.000000 29.292075
56.000000 24.000000 27.478407
57.000000 24.000000 25.411012
58.000000 24.000000 23.070076
59.000000 24.000000 20.447598
60.000000 24.000000 17.548667
61.000000 24.000000 14.392029
62.000000 24.000000 11.009798
63.000000 24.000000 7.446265
64.000000 24.000000 3.755805
65.000000 24.000000 0.000000
0.000000 25.000000 0.000000
1.000000 25.000000 3.754263
2.000000 25.000000 7.443202
3.000000 25.000000 11.005247
4.000000 25.000000 14.386028
5.000000 25.000000 17.541244
6.000000 25.000000 20.438752
7.000000 25.000000 23.059755
8.000000 25.000000 25.399085
9.000000 25.000000 27.464630
10.000000 25.000000 29.276056
11.000000 25.000000 30.862975
12.000000 25.000000 32.262757
13.000000 25.000000 33.518132
14.000000 25.000000 34.674708
15.000000 25.000000 35.778470
16.000000 25.000000 36.873291
17.000000 25.000000 37.998420
18.000000 25.000000 39.185958
19.000000 25.000000 40.458328
20.000000 25.000000 41.825885
21.000000 25.000000 43.284980
22.000000 25.000000 44.816972
23.000000 25.000000 46.388886
24.000000 25.000000 47.956302
25.000000 25.000000 49.468589
26.000000 25.000000 50.875597
27.000000 25.000000 52.133929
28.000000 25.000000 53.210830
29.000000 25.000000 54.084975
30.000000 25.000000 54.744773
31.000000 25.000000 55.185392
32.000000 25.000000 55.405666
33.000000 25.000000 55.405666
34.000000 25.000000 55.185392
35.000000 25.000000 54.744773
36.000000 25.000000 54.084975
37.000000 25.000000 53.210830
38.000000 25.000000 52.133929
39.000000 25.000000 50.875597
40.000000 25.000000 49.468589
41.000000 25.000000 47.956302
42.000000 25.000000 46.388886
43.000000 25.000000 44.816972
44.000000 25.000000 43.284980
45.000000 25.000000 41.825885
46.000000 25.000000 40.458328
47.000000 25.000000 39.185958
48.000000 25.000000 37.998420
49.000000 25.000000 36.873291
50.000000 25.000000 35.778470
51.000000 25.000000 34.674708
52.000000 25.000000 33.518132
53.000000 25.000000 32.262757
54.000000 25.000000 30.862975
55.000000 25.000000 29.276056
56.000000 25.000000 27.464630
57.000000 25.000000 25.399085
58.000000 25.000000 23.059755
59.000000 25.000000 20.438752
60.000000 25.000000 17.541244
61.000000 25.000000 14.386028
62.000000 25.000000 11.005247
63.000000 25.000000 7.443202
64.000000 25.000000 3.754263
65.000000 25.000000 0.000000
0.000000 26.000000 0.000000
1.000000 26.000000 3.755805
2.000000 26.000000 7.446265
3.000000 26.000000 11.009798
4.000000 26.000000 14.392029
5.000000 26.000000 17.548667
6.000000 26.000000 20.447598
7.000000 26.000000 23.070076
8.000000 26.000000 25.411012
9.000000 26.000000 27.478407
10.000000 26.000000 29.292075
11.000000 26.000000 30.881828
12.000000 26.000000 32.285290
13.000000 26.000000 33.545522
14.000000 26.000000 34.708553
15.000000 26.000000 35.820902
16.000000 26.000000 36.927096
17.000000 26.000000 38.067168
18.000000 26.000000 39.274094
19.000000 26.000000 40.571183
20.000000 26.000000 41.969514
21.000000 26.000000 43.465727
22.000000 26.000000 45.040684
23.000000 26.000000 46.659815
24.000000 26.000000 48.275944
25.000000 26.000000 49.834941
26.000000 26.000000 51.283344
27.000000 26.000000 52.575603
28.000000 26.000000 53.678333
29.000000 26.000000 54.570805
30.000000 26.000000 55.242670
31.000000 26.000000 55.690437
32.000000 26.000000 55.913999
33.000000 26.000000 55.913999
34.000000 26.000000 55.690437
35.000000 26.000000 55.242670
36.000000 26.000000 54.570805
37.000000 26.000000 53.678333
38.000000 26.000000 52.575603
39.000000 26.000000 51.283344
40.000000 26.000000 49.834941
41.000000 26.000000 48.275944
42.000000 26.000000 46.659815
43.000000 26.000000 45.040684
44.000000 26.000000 43.465727
45.000000 26.000000 41.969514
46.000000 26.000000 40.571183
47.000000 26.000000 39.274094
48.000000 26.000000 38.067168
49.000000 26.000000 36.927096
50.000000 26.000000 35.820902
51.000000 26.000000 34.708553
52.000000 26.000000 33.545522
53.000000 26.000000 32.285290
54.000000 26.000000 30.881828
55.000000 26.000000 29.292075
56.000000 26.000000 27.478407
57.000000 26.000000 25.411012
58.000000 26.000000 23.070076
59.000000 26.000000 20.447598
60.000000 26.000000 17.548667
61.000000 26.000000 14.392029
62.000000 26.000000 11.009798
63.000000 26.000000 7.446265
64.000000 26.000000 3.755805
65.000000 26.000000 0.000000
0.000000 27.000000 0.000000
1.000000 27.000000 3.760651
2.000000 27.000000 7.455892
3.000000 27.000000 11.024088
4.000000 27.000000 14.410843
5.000000 27.000000 17.571892
6.000000 27.000000 20.475199
7.000000 27.000000 23.102169
8.000000 27.000000 25.447942
9.000000 27.000000 27.520841
10.000000 27.000000 29.341121
11.000000 27.000000 30.939166
12.000000 27.000000 32.353351
13.000000 27.000000 33.627701
14.000000 27.000000 34.809480
15.000000 27.000000 35.946776
16.000000 27.000000 37.086070
17.000000 27.000000 38.269758
18.000000 27.000000 39.533523
19.000000 27.000000 40.903494
20.000000 27.000000 42.393195
21.000000 27.000000 44.000488
22.000000 27.000000 45.705081
23.000000 27.000000 47.467716
24.000000 27.000000 49.232561
25.000000 27.000000 50.934110
26.000000 27.000000 52.508028
27.000000 27.000000 53.901980
28.000000 27.000000 55.080995
29.000000 27.000000 56.026723
30.000000 27.000000 56.733093
31.000000 27.000000 57.201008
32.000000 27.000000 57.433745
33.000000 27.000000 57.433745
34.000000 27.000000 57.201008
35.000000 27.000000 56.733093
36.000000 27.000000 56.026723
37.000000 27.000000 55.080995
38.000000 27.000000 53.901980
39.000000 27.000000 52.508028
40.000000 27.000000 50.934110
41.000000 27.000000 49.232561
42.000000 27.000000 47.467716
43.000000 27.000000 45.705081
44.000000 27.000000 44.000488
45.000000 27.000000 42.393195
46.000000 27.000000 40.903494
47.000000 27.000000 39.533523
48.000000 27.000000 38.269758
49.000000 27.000000 37.086070
50.000000 27.000000 35.946776
51.000000 27.000000 34.809480
52.000000 27.000000 33.627701
53.000000 27.000000 32.353351
54.000000 27.000000 30.939166
55.000000 27.000000 29.341121
56.000000 27.000000 27.520841
57.000000 27.000000 25.447942
58.000000 27.000000 23.102169
59.000000 27.000000 20.475199
60.000000 27.000000 17.571892
61.000000 27.000000 14.410843
62.000000 27.000000 11.024088
63.000000 27.000000 7.455892
64.000000 27.000000 3.760651
65.000000 27.000000 0.000000
0.000000 28.000000 0.000000
1.000000 28.000000 3.769493
2.000000 28.000000 7.473436
3.000000 28.000000 11.050082
4.000000 28.000000 14.444979
5.000000 28.000000 17.613877
6.000000 28.000000 20.524853
7.000000 28.000000 23.159541
8.000000 28.000000 25.513437
9.000000 28.000000 27.595377
10.000000 28.000000 29.426302
11.000000 28.000000 31.037502
12.000000 28.000000 32.468527
13.000000 28.000000 33.764917
14.000000 28.000000 34.975896
15.000000 28.000000 36.152063
16.000000 28.000000 37.343096
17.000000 28.000000 38.595359
18.000000 28.000000 39.949265
19.000000 28.000000 41.436174
20.000000 28.000000 43.074613
21.000000 28.000000 44.865782
22.000000 28.000000 46.788793
23.000000 28.000000 48.797130
24.000000 28.000000 50.819283
25.000000 28.000000 52.767411
26.000000 28.000000 54.555283
27.000000 28.000000 56.118120
28.000000 28.000000 57.419694
29.000000 28.000000 58.447904
30.000000 28.000000 59.205764
31.000000 28.000000 59.702747
32.000000 28.000000 59.948398
33.000000 28.000000 59.948398
34.000000 28.000000 59.702747
35.000000 28.000000 59.205764
36.000000 28.000000 58.447904
37.000000 28.000000 57.419694
38.000000 28.000000 56.118120
39.000000 28.000000 54.555283
40.000000 28.000000 52.767411
41.000000 28.000000 50.819283
42.000000 28.000000 48.797130
43.000000 28.000000 46.788793
44.000000 28.000000 44.865782
45.000000 28.000000 43.074613
46.000000 28.000000 41.436174
47.000000 28.000000 39.949265
48.000000 28.000000 38.595359
49.000000 28.000000 37.343096
50.000000 28.000000 36.152063
51.000000 28.000000 34.975896
52.000000 28.000000 33.764917
53.000000 28.000000 32.468527
54.000000 28.000000 31.037502
55.000000 28.000000 29.426302
56.000000 28.000000 27.595377
57.000000 28.000000 25.513437
58.000000 28.000000 23.159541
59.000000 28.000000 20.524853
60.000000 28.000000 17.613877
61.000000 28.000000 14.444979
62.000000 28.000000 11.050082
63.000000 28.000000 7.473436
64.000000 28.000000 3.769493
65.000000 28.000000 0.000000
0.000000 29.000000 0.000000
1.000000 29.000000 3.783544
2.000000 29.000000 7.501280
3.000000 29.000000 11.091248
4.000000 29.000000 14.498857
5.000000 29.000000 17.679837
6.000000 29.000000 20.602382
7.000000 29.000000 23.248399
8.000000 29.000000 25.613842
9.000000 29.000000 27.708201
10.000000 29.000000 29.553298
11.000000 29.000000 31.181581
12.000000 29.000000 32.634090
13.000000 29.000000 33.958300
14.000000 29.000000 35.205940
15.000000 29.000000 36.430888
16.000000 29.000000 37.687096
17.000000 29.000000 39.026455
18.000000 29.000000 40.496342
19.000000 29.000000 42.136439
20.000000 29.000000 43.974265
21.000000 29.000000 46.018784
22.000000 29.000000 48.251888
23.000000 29.000000 50.619148
24.000000 29.000000 53.024818
25.000000 29.000000 55.340910
26.000000 29.000000 57.439491
27.000000 29.000000 59.236085
28.000000 29.000000 60.697296
29.000000 29.000000 61.825804
30.000000 29.000000 62.641860
31.000000 29.000000 63.169441
32.000000 29.000000 63.427949
33.000000 29.000000 63.427949
34.000000 29.000000 63.169441
35.000000 29.000000 62.641860
36.000000 29.000000 61.825804
37.000000 29.000000 60.697296
38.000000 29.000000 59.236085
39.000000 29.000000 57.439491
40.000000 29.000000 55.340910
41.000000 29.000000 53.024818
42.000000 29.000000 50.619148
43.000000 29.000000 48.251888
44.000000 29.000000 46.018784
45.000000 29.000000 43.974265
46.000000 29.000000 42.136439
47.000000 29.000000 40.496342
48.000000 29.000000 39.026455
49.000000 29.000000 37.687096
50.000000 29.000000 36.430888
51.000000 29.000000 35.205940
52.000000 29.000000 33.958300
53.000000 29.000000 32.634090
54.000000 29.000000 31.181581
55.000000 29.000000 29.553298
56.000000 29.000000 27.708201
57.000000 29.000000 25.613842
58.000000 29.000000 23.248399
59.000000 29.000000 20.602382
60.000000 29.000000 17.679837
61.000000 29.000000 14.498857
62.000000 29.000000 11.091248
63.000000 29.000000 7.501280
64.000000 29.000000 3.783544
65.000000 29.000000 0.000000
0.000000 30.000000 0.000000
1.000000 30.000000 3.804643
2.000000 30.000000 7.543035
3.000000 30.000000 11.152830
4.000000 30.000000 14.579170
5.000000 30.000000 17.777674
6.000000 30.000000 20.716614
7.000000 30.000000 23.378190
8.000000 30.000000 25.758867
9.000000 30.000000 27.868885
10.000000 30.000000 29.731075
11.000000 30.000000 31.379187
12.000000 30.000000 32.855932
13.000000 30.000000 34.210929
14.000000 30.000000 35.498713
15.000000 30.000000 36.776883
16.000000 30.000000 38.104412
17.000000 30.000000 39.540003
18.000000 30.000000 41.140217
19.000000 30.000000 42.956794
20.000000 30.000000 45.032106
21.000000 30.000000 47.391094
22.000000 30.000000 50.027631
23.000000 30.000000 52.884593
24.000000 30.000000 55.833354
25.000000 30.000000 58.674015
26.000000 30.000000 61.193949
27.000000 30.000000 63.281416
28.000000 30.000000 64.920552
29.000000 30.000000 66.146832
30.000000 30.000000 67.011018
31.000000 30.000000 67.559384
32.000000 30.000000 67.825078
33.000000 30.000000 67.825078
34.000000 30.000000 67.559384
35.000000 30.000000 67.011018
36.000000 30.000000 66.146832
37.000000 30.000000 64.920552
38.000000 30.000000 63.281416
39.000000 30.000000 61.193949
40.000000 30.000000 58.674015
41.000000 30.000000 55.833354
42.000000 30.000000 52.884593
43.000000 30.000000 50.027631
44.000000 30.000000 47.391094
45.000000 30.000000 45.032106
46.000000 30.000000 42.956794
47.000000 30.000000 41.140217
48.000000 30.000000 39.540003
49.000000 30.000000 38.104412
50.000000 30.000000 36.776883
51.000000 30.000000 35.498713
52.000000 30.000000 34.210929
53.000000 30.000000 32.855932
54.000000 30.000000 31.379187
55.000000 30.000000 29.731075
56.000000 30.000000 27.868885
57.000000 30.000000 25.758867
58.000000 30.000000 23.378190
59.000000 30.000000 20.716614
60.000000 30.000000 17.777674
61.000000 30.000000 14.579170
62.000000 30.000000 11.152830
63.000000 30.000000 7.543035
64.000000 30.000000 3.804643
65.000000 30.000000 0.000000
0.000000 31.000000 0.000000
1.000000 31.000000 3.835392
2.000000 31.000000 7.603802
3.000000 31.000000 11.242239
4.000000 31.000000 14.695364
5.000000 31.000000 17.918538
6.000000 31.000000 20.880028
7.000000 31.000000 23.562300
8.000000 31.000000 25.962355
9.000000 31.000000 28.091230
10.000000 31.000000 29.972817
11.000000 31.000000 31.642209
12.000000 31.000000 33.143791
13.000000 31.000000 34.529302
14.000000 31.000000 35.856024
15.000000 31.000000 37.185254
16.000000 31.000000 38.581123
17.000000 31.000000 40.109737
18.000000 31.000000 41.838470
19.000000 31.000000 43.834829
20.000000 31.000000 46.163529
21.000000 31.000000 48.878845
22.000000 31.000000 52.006630
23.000000 31.000000 55.508069
24.000000 31.000000 59.222354
25.000000 31.000000 62.820306
26.000000 31.000000 65.892021
27.000000 31.000000 68.303781
28.000000 31.000000 70.101477
29.000000 31.000000 71.388779
30.000000 31.000000 72.266053
31.000000 31.000000 72.809904
32.000000 31.000000 73.069840
33.000000 31.000000 73.069840
34.000000 31.000000 72.809904
35.000000 31.000000 72.266053
36.000000 31.000000 71.388779
37.000000 31.000000 70.101477
38.000000 31.000000 68.303781
39.000000 31.000000 65.892021
40.000000 31.000000 62.820306
41.000000 31.000000 59.222354
42.000000 31.000000 55.508069
43.000000 31.000000 52.006630
44.000000 31.000000 48.878845
45.000000 31.000000 46.163529
46.000000 31.000000 43.834829
47.000000 31.000000 41.838470
48.000000 31.000000 40.109737
49.000000 31.000000 38.581123
50.000000 31.000000 37.185254
51.000000 31.000000 35.856024
52.000000 31.000000 34.529302
53.000000 31.000000 33.143791
54.000000 31.000000 31.642209
55.000000 31.000000 29.972817
56.000000 31.000000 28.091230
57.000000 31.000000 25.962355
58.000000 31.000000 23.562300
59.000000 31.000000 20.880028
60.000000 31.000000 17.918538
61.000000 31.000000 14.695364
62.000000 31.000000 11.242239
63.000000 31.000000 7.603802
64.000000 31.000000 3.835392
65.000000 31.000000 0.000000
0.000000 32.000000 0.000000
1.000000 32.000000 3.879329
2.000000 32.000000 7.690516
3.000000 32.000000 11.369534
4.000000 32.000000 14.860251
5.000000 32.000000 18.117538
6.000000 32.000000 21.109529
7.000000 32.000000 23.818899
8.000000 32.000000 26.243181
9.000000 32.000000 28.394231
10.000000 32.000000 30.296998
11.000000 32.000000 31.987854
12.000000 32.000000 33.512703
13.000000 32.000000 34.925100
14.000000 32.000000 36.284611
15.000000 32.000000 37.655586
16.000000 32.000000 39.106540
17.000000 32.000000 40.710289
18.000000 32.000000 42.544965
19.000000 32.000000 44.695811
20.000000 32.000000 47.256874
21.000000 32.000000 50.329413
22.000000 32.000000 54.007669
23.000000 32.000000 58.329234
24.000000 32.000000 63.149067
25.000000 32.000000 67.923331
26.000000 32.000000 71.690116
27.000000 32.000000 74.390746
28.000000 32.000000 76.254052
29.000000 32.000000 77.512011
30.000000 32.000000 78.334124
31.000000 32.000000 78.829928
32.000000 32.000000 79.063243
33.000000 32.000000 79.063243
34.000000 32.000000 78.829928
35.000000 32.000000 78.334124
36.000000 32.000000 77.512011
37.000000 32.000000 76.254052
38.000000 32.000000 74.390746
39.000000 32.000000 71.690116
40.000000 32.000000 67.923331
41.000000 32.000000 63.149067
42.000000 32.000000 58.329234
43.000000 32.000000 54.007669
44.000000 32.000000 50.329413
45.000000 32.000000 47.256874
46.000000 32.000000 44.695811
47.000000 32.000000 42.544965
48.000000 32.000000 40.710289
49.000000 32.000000 39.106540
50.000000 32.000000 37.655586
51.000000 32.000000 36.284611
52.000000 32.000000 34.925100
53.000000 32.000000 33.512703
54.000000 32.000000 31.987854
55.000000 32.000000 30.296998
56.000000 32.000000 28.394231
57.000000 32.000000 26.243181
58.000000 32.000000 23.818899
59.000000 32.000000 21.109529
60.000000 32.000000 18.117538
61.000000 32.000000 14.860251
62.000000 32.000000 11.369534
63.000000 32.000000 7.690516
64.000000 32.000000 3.879329
65.000000 32.000000 0.000000
0.000000 33.000000 0.000000
1.000000 33.000000 3.941145
2.000000 33.000000 7.812355
3.000000 33.000000 11.548008
4.000000 33.000000 15.090716
5.000000 33.000000 18.394548
6.000000 33.000000 21.427320
7.000000 33.000000 24.171851
8.000000 33.000000 26.626212
9.000000 33.000000 28.803092
10.000000 33.000000 30.728479
11.000000 33.000000 32.439902
12.000000 33.000000 33.984487
13.000000 33.000000 35.417071
14.000000 33.000000 36.798629
15.000000 33.000000 38.195250
16.000000 33.000000 39.677937
17.000000 33.000000 41.323648
18.000000 33.000000 43.218149
19.000000 33.000000 45.461622
20.000000 33.000000 48.178218
21.000000 33.000000 51.529947
22.000000 33.000000 55.729141
23.000000 33.000000 61.016709
24.000000 33.000000 67.481790
25.000000 33.000000 74.389265
26.000000 33.000000 78.908849
27.000000 33.000000 81.672575
28.000000 33.000000 83.374916
29.000000 33.000000 84.440148
30.000000 33.000000 85.103126
31.000000 33.000000 85.491214
32.000000 33.000000 85.670937
33.000000 33.000000 85.670937
34.000000 33.000000 85.491214
35.000000 33.000000 85.103126
36.000000 33.000000 84.440148
37.000000 33.000000 83.374916
38.000000 33.000000 81.672575
39.000000 33.000000 78.908849
40.000000 33.000000 74.389265
41.000000 33.000000 67.481790
42.000000 33.000000 61.016709
43.000000 33.000000 55.729141
44.000000 33.000000 51.529947
45.000000 33.000000 48.178218
46.000000 33.000000 45.461622
47.000000 33.000000 43.218149
48.000000 33.000000 41.323648
49.000000 33.000000 39.677937
50.000000 33.000000 38.195250
51.000000 33.000000 36.798629
52.000000 33.000000 35.417071
53.000000 33.000000 33.984487
54.000000 33.000000 32.439902
55.000000 33.000000 30.728479
56.000000 33.000000 28.803092
57.000000 33.000000 26.626212
58.000000 33.000000 24.171851
59.000000 33.000000 21.427320
60.000000 33.000000 18.394548
61.000000 33.000000 15.090716
62.000000 33.000000 11.548008
63.000000 33.000000 7.812355
64.000000 33.000000 3.941145
65.000000 33.000000 0.000000
0.000000 34.000000 0.000000
1.000000 34.000000 4.026936
2.000000 34.000000 7.981234
3.000000 34.000000 11.794857
4.000000 34.000000 15.408528
5.000000 34.000000 18.775090
6.000000 34.000000 21.861825
7.000000 34.000000 24.651649
8.000000 34.000000 27.143225
9.000000 34.000000 29.350154
10.000000 34.000000 31.299486
11.000000 34.000000 33.029788
12.000000 34.000000 34.589057
13.000000 34.000000 36.032731
14.000000 34.000000 37.422034
15.000000 34.000000 38.822930
16.000000 34.000000 40.306003
17.000000 34.000000 41.947804
18.000000 34.000000 43.834639
19.000000 34.000000 46.070808
20.000000 34.000000 48.795634
21.000000 34.000000 52.218685
22.000000 34.000000 56.691837
23.000000 34.000000 62.840201
24.000000 34.000000 71.662004
25.000000 34.000000 83.508471
26.000000 34.000000 88.136939
27.000000 34.000000 90.265978
28.000000 34.000000 91.384188
29.000000 34.000000 92.024740
30.000000 34.000000 92.404379
31.000000 34.000000 92.620738
32.000000 34.000000 92.719597
33.000000 34.000000 92.719597
34.000000 34.000000 92.620738
35.000000 34.000000 92.404379
36.000000 34.000000 92.024740
37.000000 34.000000 91.384188
38.000000 34.000000 90.265978
39.000000 34.000000 88.136939
40.000000 34.000000 83.508471
41.000000 34.000000 71.662004
42.000000 34.000000 62.840201
43.000000 34.000000 56.691837
44.000000 34.000000 52.218685
45.000000 34.000000 48.795634
46.000000 34.000000 46.070808
47.000000 34.000000 43.834639
48.000000 34.000000 41.947804
49.000000 34.000000 40.306003
50.000000 34.000000 38.822930
51.000000 34.000000 37.422034
52.000000 34.000000 36.032731
53.000000 34.000000 34.589057
54.000000 34.000000 33.029788
55.000000 34.000000 31.299486
56.000000 34.000000 29.350154
57.000000 34.000000 27.143225
58.000000 34.000000 24.651649
59.000000 34.000000 21.861825
60.000000 34.000000 18.775090
61.000000 34.000000 15.408528
62.000000 34.000000 11.794857
63.000000 34.000000 7.981234
64.000000 34.000000 4.026936
65.000000 34.000000 0.000000
0.000000 35.000000 0.000000
1.000000 35.000000 4.144521
2.000000 35.000000 8.212381
3.000000 35.000000 12.131971
4.000000 35.000000 15.841246
5.000000 35.000000 19.291282
6.000000 35.000000 22.448610
7.000000 35.000000 25.296269
8.000000 35.000000 27.833694
9.000000 35.000000 30.075620
10.000000 35.000000 32.050303
11.000000 35.000000 33.797326
12.000000 35.000000 35.365271
13.000000 35.000000 36.809501
14.000000 35.000000 38.190268
15.000000 35.000000 39.571381
16.000000 35.000000 41.019674
17.000000 35.000000 42.605702
18.000000 35.000000 44.406447
19.000000 35.000000 46.511865
20.000000 35.000000 49.039983
21.000000 35.000000 52.174746
22.000000 35.000000 56.275629
23.000000 35.000000 62.251193
24.000000 35.000000 73.028929
25.000000 35.000000 100.000000
26.000000 35.000000 100.000000
27.000000 35.000000 100.000000
28.000000 35.000000 100.000000
29.000000 35.000000 100.000000
30.000000 35.000000 100.000000
31.000000 35.000000 100.000000
32.000000 35.000000 100.000000
33.000000 35.000000 100.000000
34.000000 35.000000 100.000000
35.000000 35.000000 100.000000
36.000000 35.000000 100.000000
37.000000 35.000000 100.000000
38.000000 35.000000 100.000000
39.000000 35.000000 100.000000
40.000000 35.000000 100.000000
41.000000 35.000000 73.028929
42.000000 35.000000 62.251193
43.000000 35.000000 56.275629
44.000000 35.000000 52.174746
45.000000 35.000000 49.039983
46.000000 35.000000 46.511865
47.000000 35.000000 44.406447
48.000000 35.000000 42.605702
49.000000 35.000000 41.019674
50.000000 35.000000 39.571381
51.000000 35.000000 38.190268
52.000000 35.000000 36.809501
53.000000 35.000000 35.365271
54.000000 35.000000 33.797326
55.000000 35.000000 32.050303
56.000000 35.000000 30.075620
57.000000 35.000000 27.833694
58.000000 35.000000 25.296269
59.000000 35.000000 22.448610
60.000000 35.000000 19.291282
61.000000 35.000000 15.841246
62.000000 35.000000 12.131971
63.000000 35.000000 8.212381
64.000000 35.000000 4.144521
65.000000 35.000000 0.000000
0.000000 36.000000 0.000000
1.000000 36.000000 4.303827
2.000000 36.000000 8.525057
3.000000 36.000000 12.586861
4.000000 36.000000 16.423240
5.000000 36.000000 19.982841
6.000000 36.000000 23.231271
7.000000 36.000000 26.151898
8.000000 36.000000 28.745337
9.000000 36.000000 31.027923
10.000000 36.000000 33.029502
11.000000 36.000000 34.790859
12.000000 36.000000 36.361055
13.000000 36.000000 37.794885
14.000000 36.000000 39.150641
15.000000 36.000000 40.488288
16.000000 36.000000 41.868155
17.000000 36.000000 43.350204
18.000000 36.000000 44.993857
19.000000 36.000000 46.858105
20.000000 36.000000 49.000449
21.000000 36.000000 51.468221
22.000000 36.000000 54.253231
23.000000 36.000000 57.074542
24.000000 36.000000 58.336246
25.000000 36.000000 50.000000
26.000000 36.000000 74.757186
27.000000 36.000000 84.389506
28.000000 36.000000 88.771633
29.000000 36.000000 91.025930
30.000000 36.000000 92.267865
31.000000 36.000000 92.944056
32.000000 36.000000 93.245464
33.000000 36.000000 93.245464
34.000000 36.000000 92.944056
35.000000 36.000000 92.267865
36.000000 36.000000 91.025930
37.000000 36.000000 88.771633
38.000000 36.000000 84.389506
39.000000 36.000000 74.757186
40.000000 36.000000 50.000000
41.000000 36.000000 58.336246
42.000000 36.000000 57.074542
43.000000 36.000000 54.253231
44.000000 36.000000 51.468221
45.000000 36.000000 49.000449
46.000000 36.000000 46.858105
47.000000 36.000000 44.993857
48.000000 36.000000 43.350204
49.000000 36.000000 41.868155
50.000000 36.000000 40.488288
51.000000 36.000000 39.150641
52.000000 36.000000 37.794885
53.000000 36.000000 36.361055
54.000000 36.000000 34.790859
55.000000 36.000000 33.029502
56.000000 36.000000 31.027923
57.000000 36.000000 28.745337
58.000000 36.000000 26.151898
59.000000 36.000000 23.231271
60.000000 36.000000 19.982841
61.000000 36.000000 16.423240
62.000000 36.000000 12.586861
63.000000 36.000000 8.525057
64.000000 36.000000 4.303827
65.000000 36.000000 0.000000
0.000000 37.000000 0.000000
1.000000 37.000000 4.517405
2.000000 37.000000 8.943482
3.000000 37.000000 13.193832
4.000000 37.000000 17.196900
5.000000 37.000000 20.898153
6.000000 37.000000 24.262264
7.000000 37.000000 27.273449
8.000000 37.000000 29.934307
9.000000 37.000000 32.263628
10.000000 37.000000 34.293585
11.000000 37.000000 36.066666
12.000000 37.000000 37.632596
13.000000 37.000000 39.045443
14.000000 37.000000 40.360993
15.000000 37.000000 41.634421
16.000000 37.000000 42.918189
17.000000 37.000000 44.259929
18.000000 37.000000 45.699688
19.000000 37.000000 47.265056
20.000000 37.000000 48.960375
21.000000 37.000000 50.740506
22.000000 37.000000 52.445514
23.000000 37.000000 53.645465
24.000000 37.000000 53.346100
25.000000 37.000000 50.000000
26.000000 37.000000 64.660469
27.000000 37.000000 74.070745
28.000000 37.000000 79.731120
29.000000 37.000000 83.140111
30.000000 37.000000 85.189906
31.000000 37.000000 86.360008
32.000000 37.000000 86.893885
33.000000 37.000000 86.893885
34.000000 37.000000 86.360008
35.000000 37.000000 85.189906
36.000000 37.000000 83.140111
37.000000 37.000000 79.731120
38.000000 37.000000 74.070745
39.000000 37.000000 64.660469
40.000000 37.000000 50.000000
41.000000 37.000000 53.346100
42.000000 37.000000 53.645465
43.000000 37.000000 52.445514
44.000000 37.000000 50.740506
45.000000 37.000000 48.960375
46.000000 37.000000 47.265056
47.000000 37.000000 45.699688
48.000000 37.000000 44.259929
49.000000 37.000000 42.918189
50.000000 37.000000 41.634421
51.000000 37.000000 40.360993
52.000000 37.000000 39.045443
53.000000 37.000000 37.632596
54.000000 37.000000 36.066666
55.000000 37.000000 34.293585
56.000000 37.000000 32.263628
57.000000 37.000000 29.934307
58.000000 37.000000 27.273449
59.000000 37.000000 24.262264
60.000000 37.000000 20.898153
61.000000 37.000000 17.196900
62.000000 37.000000 13.193832
63.000000 37.000000 8.943482
64.000000 37.000000 4.517405
65.000000 37.000000 0.000000
0.000000 38.000000 0.000000
1.000000 38.000000 4.801174
2.000000 38.000000 9.498136
3.000000 38.000000 13.995542
4.000000 38.000000 18.214160
5.000000 38.000000 22.095508
6.000000 38.000000 25.603682
7.000000 38.000000 28.724833
8.000000 38.000000 31.464963
9.000000 38.000000 33.846747
10.000000 38.000000 35.905906
11.000000 38.000000 37.687530
12.000000 38.000000 39.242560
13.000000 38.000000 40.624551
14.000000 38.000000 41.886740
15.000000 38.000000 43.079362
16.000000 38.000000 44.247043
17.000000 38.000000 45.425953
18.000000 38.000000 46.640010
19.000000 38.000000 47.894813
20.000000 38.000000 49.166701
21.000000 38.000000 50.382591
22.000000 38.000000 51.385515
23.000000 38.000000 51.890809
24.000000 38.000000 51.495633
25.000000 38.000000 50.000000
26.000000 38.000000 59.855483
27.000000 38.000000 67.583139
28.000000 38.000000 73.059412
29.000000 38.000000 76.761936
30.000000 38.000000 79.164630
31.000000 38.000000 80.602151
32.000000 38.000000 81.274830
33.000000 38.000000 81.274830
34.000000 38.000000 80.602151
35.000000 38.000000 79.164630
36.000000 38.000000 76.761936
37.000000 38.000000 73.059412
38.000000 38.000000 67.583139
39.000000 38.000000 59.855483
40.000000 38.000000 50.000000
41.000000 38.000000 51.495633
42.000000 38.000000 51.890809
43.000000 38.000000 51.385515
44.000000 38.000000 50.382591
45.000000 38.000000 49.166701
46.000000 38.000000 47.894813
47.000000 38.000000 46.640010
48.000000 38.000000 45.425953
49.000000 38.000000 44.247043
50.000000 38.000000 43.079362
51.000000 38.000000 41.886740
52.000000 38.000000 40.624551
53.000000 38.000000 39.242560
54.000000 38.000000 37.687530
55.000000 38.000000 35.905906
56.000000 38.000000 33.846747
57.000000 38.000000 31.464963
58.000000 38.000000 28.724833
59.000000 38.000000 25.603682
60.000000 38.000000 22.095508
61.000000 38.000000 18.214160
62.000000 38.000000 13.995542
63.000000 38.000000 9.498136
64.000000 38.000000 4.801174
65.000000 38.000000 0.000000
0.000000 39.000000 0.000000
1.000000 39.000000 5.175553
2.000000 39.000000 10.227711
3.000000 39.000000 15.045265
4.000000 39.000000 19.538561
5.000000 39.000000 23.644602
6.000000 39.000000 27.328010
7.000000 39.000000 30.578926
8.000000 39.000000 33.409122
9.000000 39.000000 35.847379
10.000000 39.000000 37.934802
11.000000 39.000000 39.720444
12.000000 39.000000 41.257368
13.000000 39.000000 42.599169
14.000000 39.000000 43.796882
15.000000 39.000000 44.896181
16.000000 39.000000 45.934674
17.000000 39.000000 46.939053
18.000000 39.000000 47.921666
19.000000 39.000000 48.875872
20.000000 39.000000 49.769384
21.000000 39.000000 50.535311
22.000000 39.000000 51.063707
23.000000 39.000000 51.206688
24.000000 39.000000 50.834073
25.000000 39.000000 50.000000
26.000000 39.000000 57.238343
27.000000 39.000000 63.464327
28.000000 39.000000 68.331123
29.000000 39.000000 71.898095
30.000000 39.000000 74.354493
31.000000 39.000000 75.883637
32.000000 39.000000 76.615492
33.000000 39.000000 76.615492
34.000000 39.000000 75.883637
35.000000 39.000000 74.354493
36.000000 39.000000 71.898095
37.000000 39.000000 68.331123
38.000000 39.000000 63.464327
39.000000 39.000000 57.238343
40.000000 39.000000 50.000000
41.000000 39.000000 50.834073
42.000000 39.000000 51.206688
43.000000 39.000000 51.063707
44.000000 39.000000 50.535311
45.000000 39.000000 49.769384
46.000000 39.000000 48.875872
47.000000 39.000000 47.921666
48.000000 39.000000 46.939053
49.000000 39.000000 45.934674
50.000000 39.000000 44.896181
51.000000 39.000000 43.796882
52.000000 39.000000 42.599169
53.000000 39.000000 41.257368
54.000000 39.000000 39.720444
55.000000 39.000000 37.934802
56.000000 39.000000 35.847379
57.000000 39.000000 33.409122
58.000000 39.000000 30.578926
59.000000 39.000000 27.328010
60.000000 39.000000 23.644602
61.000000 39.000000 19.538561
62.000000 39.000000 15.045265
63.000000 39.000000 10.227711
64.000000 39.000000 5.175553
65.000000 39.000000 0.000000
0.000000 40.000000 0.000000
1.000000 40.000000 5.667324
2.000000 40.000000 11.182220
3.000000 40.000000 16.410357
4.000000 40.000000 21.248246
5.000000 40.000000 25.628531
6.000000 40.000000 29.518920
7.000000 40.000000 32.917210
8.000000 40.000000 35.844710
9.000000 40.000000 38.339591
10.000000 40.000000 40.450896
11.000000 40.000000 42.233458
12.000000 40.000000 43.743664
13.000000 40.000000 45.035907
14.000000 40.000000 46.159554
15.000000 40.000000 47.156266
16.000000 40.000000 48.057534
17.000000 40.000000 48.882307
18.000000 40.000000 49.634636
19.000000 40.000000 50.301327
20.000000 40.000000 50.849922
21.000000 40.000000 51.228244
22.000000 40.000000 51.368997
23.000000 40.000000 51.207054
24.000000 40.000000 50.720971
25.000000 40.000000 50.000000
26.000000 40.000000 55.709433
27.000000 40.000000 60.853130
28.000000 40.000000 65.117145
29.000000 40.000000 68.415997
30.000000 40.000000 70.787604
31.000000 40.000000 72.309424
32.000000 40.000000 73.050873
33.000000 40.000000 73.050873
34.000000 40.000000 72.309424
35.000000 40.000000 70.787604
36.000000 40.000000 68.415997
37.000000 40.000000 65.117145
38.000000 40.000000 60.853130
39.000000 40.000000 55.709433
40.000000 40.000000 50.000000
41.000000 40.000000 50.720971
42.000000 40.000000 51.207054
43.000000 40.000000 51.368997
44.000000 40.000000 51.228244
45.000000 40.000000 50.849922
46.000000 40.000000 50.301327
47.000000 40.000000 49.634636
48.000000 40.000000 48.882307
49.000000 40.000000 48.057534
50.000000 40.000000 47.156266
51.000000 40.000000 46.159554
52.000000 40.000000 45.035907
53.000000 40.000000 43.743664
54.000000 40.000000 42.233458
55.000000 40.000000 40.450896
56.000000 40.000000 38.339591
57.000000 40.000000 35.844710
58.000000 40.000000 32.917210
59.000000 40.000000 29.518920
60.000000 40.000000 25.628531
61.000000 40.000000 21.248246
62.000000 40.000000 16.410357
63.000000 40.000000 11.182220
64.000000 40.000000 5.667324
65.000000 40.000000 0.000000
0.000000 41.000000 0.000000
1.000000 41.000000 6.312833
2.000000 41.000000 12.428197
3.000000 41.000000 18.177781
4.000000 41.000000 23.440456
5.000000 41.000000 28.146535
6.000000 41.000000 32.272126
7.000000 41.000000 35.828971
8.000000 41.000000 38.853695
9.000000 41.000000 41.398452
10.000000 41.000000 43.523526
11.000000 41.000000 45.291716
12.000000 41.000000 46.764075
13.000000 41.000000 47.996587
14.000000 41.000000 49.037445
15.000000 41.000000 49.924717
16.000000 41.000000 50.684304
17.000000 41.000000 51.328214
18.000000 41.000000 51.853340
19.000000 41.000000 52.241177
20.000000 41.000000 52.459290
21.000000 41.000000 52.465983
22.000000 41.000000 52.220383
23.000000 41.000000 51.700481
24.000000 41.000000 50.929338
25.000000 41.000000 50.000000
26.000000 41.000000 54.834670
27.000000 41.000000 59.294566
28.000000 41.000000 63.118254
29.000000 41.000000 66.177117
30.000000 41.000000 68.438704
31.000000 41.000000 69.919927
32.000000 41.000000 70.650520
33.000000 41.000000 70.650520
34.000000 41.000000 69.919927
35.000000 41.000000 68.438704
36.000000 41.000000 66.177117
37.000000 41.000000 63.118254
38.000000 41.000000 59.294566
39.000000 41.000000 54.834670
40.000000 41.000000 50.000000
41.000000 41.000000 50.929338
42.000000 41.000000 51.700481
43.000000 41.000000 52.220383
44.000000 41.000000 52.465983
45.000000 41.000000 52.459290
46.000000 41.000000 52.241177
47.000000 41.000000 51.853340
48.000000 41.000000 51.328214
49.000000 41.000000 50.684304
50.000000 41.000000 49.924717
51.000000 41.000000 49.037445
52.000000 41.000000 47.996587
53.000000 41.000000 46.764075
54.000000 41.000000 45.291716
55.000000 41.000000 43.523526
56.000000 41.000000 41.398452
57.000000 41.000000 38.853695
58.000000 41.000000 35.828971
59.000000 41.000000 32.272126
60.000000 41.000000 28.146535
61.000000 41.000000 23.440456
62.000000 41.000000 18.177781
63.000000 41.000000 12.428197
64.000000 41.000000 6.312833
65.000000 41.000000 0.000000
0.000000 42.000000 0.000000
1.000000 42.000000 7.163764
2.000000 42.000000 14.057702
3.000000 42.000000 20.463138
4.000000 42.000000 26.238337
5.000000 42.000000 31.317714
6.000000 42.000000 35.696183
7.000000 42.000000 39.409833
8.000000 42.000000 42.519069
9.000000 42.000000 45.096073
10.000000 42.000000 47.216275
11.000000 42.000000 48.952732
12.000000 42.000000 50.372395
13.000000 42.000000 51.533438
14.000000 42.000000 52.483150
15.000000 42.000000 53.256129
16.000000 42.000000 53.872709
17.000000 42.000000 54.337762
18.000000 42.000000 54.640263
19.000000 42.000000 54.754327
20.000000 42.000000 54.642810
21.000000 42.000000 54.264960
22.000000 42.000000 53.589523
23.000000 42.000000 52.613377
24.000000 42.000000 51.381870
25.000000 42.000000 50.000000
26.000000 42.000000 54.431760
27.000000 42.000000 58.562124
28.000000 42.000000 62.158629
29.000000 42.000000 65.082477
30.000000 42.000000 67.274489
31.000000 42.000000 68.725064
32.000000 42.000000 69.445049
33.000000 42.000000 69.445049
34.000000 42.000000 68.725064
35.000000 42.000000 67.274489
36.000000 42.000000 65.082477
37.000000 42.000000 62.158629
38.000000 42.000000 58.562124
39.000000 42.000000 54.431760
40.000000 42.000000 50.000000
41.000000 42.000000 51.381870
42.000000 42.000000 52.613377
43.000000 42.000000 53.589523
44.000000 42.000000 54.264960
45.000000 42.000000 54.642810
46.000000 42.000000 54.754327
47.000000 42.000000 54.640263
48.000000 42.000000 54.337762
49.000000 42.000000 53.872709
50.000000 42.000000 53.256129
51.000000 42.000000 52.483150
52.000000 42.000000 51.533438
53.000000 42.000000 50.372395
54.000000 42.000000 48.952732
55.000000 42.000000 47.216275
56.000000 42.000000 45.096073
57.000000 42.000000 42.519069
58.000000 42.000000 39.409833
59.000000 42.000000 35.696183
60.000000 42.000000 31.317714
61.000000 42.000000 26.238337
62.000000 42.000000 20.463138
63.000000 42.000000 14.057702
64.000000 42.000000 7.163764
65.000000 42.000000 0.000000
0.000000 43.000000 0.000000
1.000000 43.000000 8.298064
2.000000 43.000000 16.204377
3.000000 43.000000 23.425521
4.000000 43.000000 29.801030
5.000000 43.000000 35.285722
6.000000 43.000000 39.912765
7.000000 43.000000 43.759075
8.000000 43.000000 46.920491
9.000000 43.000000 49.496469
10.000000 43.000000 51.581567
11.000000 43.000000 53.261004
12.000000 43.000000 54.608336
13.000000 43.000000 55.684054
14.000000 43.000000 56.534442
15.000000 43.000000 57.190433
16.000000 43.000000 57.666438
17.000000 43.000000 57.959367
18.000000 43.000000 58.048349
19.000000 43.000000 57.896062
20.000000 43.000000 57.453081
21.000000 43.000000 56.667159
22.000000 43.000000 55.499322
23.000000 43.000000 53.946963
24.000000 43.000000 52.069091
25.000000 43.000000 50.000000
26.000000 43.000000 54.431760
27.000000 43.000000 58.562124
28.000000 43.000000 62.158629
29.000000 43.000000 65.082477
30.000000 43.000000 67.274489
31.000000 43.000000 68.725064
32.000000 43.000000 69.445049
33.000000 43.000000 69.445049
34.000000 43.000000 68.725064
35.000000 43.000000 67.274489
36.000000 43.000000 65.082477
37.000000 43.000000 62.158629
38.000000 43.000000 58.562124
39.000000 43.000000 54.431760
40.000000 43.000000 50.000000
41.000000 43.000000 52.069091
42.000000 43.000000 53.946963
43.000000 43.000000 55.499322
44.000000 43.000000 56.667159
45.000000 43.000000 57.453081
46.000000 43.000000 57.896062
47.000000 43.000000 58.048349
48.000000 43.000000 57.959367
49.000000 43.000000 57.666438
50.000000 43.000000 57.190433
51.000000 43.000000 56.534442
52.000000 43.000000 55.684054
53.000000 43.000000 54.608336
54.000000 43.000000 53.261004
55.000000 43.000000 51.581567
56.000000 43.000000 49.496469
57.000000 43.000000 46.920491
58.000000 43.000000 43.759075
59.000000 43.000000 39.912765
60.000000 43.000000 35.285722
61.000000 43.000000 29.801030
62.000000 43.000000 23.425521
63.000000 43.000000 16.204377
64.000000 43.000000 8.298064
65.000000 43.000000 0.000000
0.000000 44.000000 0.000000
1.000000 44.000000 9.841829
2.000000 44.000000 19.072990
3.000000 44.000000 27.291877
4.000000 44.000000 34.337860
5.000000 44.000000 40.223592
6.000000 44.000000 45.055154
7.000000 44.000000 48.974700
8.000000 44.000000 52.127965
9.000000 44.000000 54.648979
10.000000 44.000000 56.654368
11.000000 44.000000 58.242140
12.000000 44.000000 59.492073
13.000000 44.000000 60.466305
14.000000 44.000000 61.209525
15.000000 44.000000 61.748579
16.000000 44.000000 62.091547
17.000000 44.000000 62.226549
18.000000 44.000000 62.120789
19.000000 44.000000 61.720833
20.000000 44.000000 60.955857
21.000000 44.000000 59.746741
22.000000 44.000000 58.024995
23.000000 44.000000 55.765144
24.000000 44.000000 53.028570
25.000000 44.000000 50.000000
26.000000 44.000000 54.834670
27.000000 44.000000 59.294566
28.000000 44.000000 63.118254
29.000000 44.000000 66.177117
30.000000 44.000000 68.438704
31.000000 44.000000 69.919927
32.000000 44.000000 70.650520
33.000000 44.000000 70.650520
34.000000 44.000000 69.919927
35.000000 44.000000 68.438704
36.000000 44.000000 66.177117
37.000000 44.000000 63.118254
38.000000 44.000000 59.294566
39.000000 44.000000 54.834670
40.000000 44.000000 50.000000
41.000000 44.000000 53.028570
42.000000 44.000000 55.765144
43.000000 44.000000 58.024995
44.000000 44.000000 59.746741
45.000000 44.000000 60.955857
46.000000 44.000000 61.720833
47.000000 44.000000 62.120789
48.000000 44.000000 62.226549
49.000000 44.000000 62.091547
50.000000 44.000000 61.748579
51.000000 44.000000 61.209525
52.000000 44.000000 60.466305
53.000000 44.000000 59.492073
54.000000 44.000000 58.242140
55.000000 44.000000 56.654368
56.000000 44.000000 54.648979
57.000000 44.000000 52.127965
58.000000 44.000000 48.974700
59.000000 44.000000 45.055154
60.000000 44.000000 40.223592
61.000000 44.000000 34.337860
62.000000 44.000000 27.291877
63.000000 44.000000 19.072990
64.000000 44.000000 9.841829
65.000000 44.000000 0.000000
0.000000 45.000000 0.000000
1.000000 45.000000 12.016459
2.000000 45.000000 22.995367
3.000000 45.000000 32.395983
4.000000 45.000000 40.125922
5.000000 45.000000 46.335905
6.000000 45.000000 51.262262
7.000000 45.000000 55.144471
8.000000 45.000000 58.192660
9.000000 45.000000 60.580019
10.000000 45.000000 62.445114
11.000000 45.000000 63.896832
12.000000 45.000000 65.018980
13.000000 45.000000 65.873553
14.000000 45.000000 66.502502
15.000000 45.000000 66.928102
16.000000 45.000000 67.152092
17.000000 45.000000 67.153804
18.000000 45.000000 66.887622
19.000000 45.000000 66.280520
20.000000 45.000000 65.231396
21.000000 45.000000 63.616049
22.000000 45.000000 61.305314
23.000000 45.000000 58.208725
24.000000 45.000000 54.355716
25.000000 45.000000 50.000000
26.000000 45.000000 55.709433
27.000000 45.000000 60.853130
28.000000 45.000000 65.117145
29.000000 45.000000 68.415997
30.000000 45.000000 70.787604
31.000000 45.000000 72.309424
32.000000 45.000000 73.050873
33.000000 45.000000 73.050873
34.000000 45.000000 72.309424
35.000000 45.000000 70.787604
36.000000 45.000000 68.415997
37.000000 45.000000 65.117145
38.000000 45.000000 60.853130
39.000000 45.000000 55.709433
40.000000 45.000000 50.000000
41.000000 45.000000 54.355716
42.000000 45.000000 58.208725
43.000000 45.000000 61.305314
44.000000 45.000000 63.616049
45.000000 45.000000 65.231396
46.000000 45.000000 66.280520
47.000000 45.000000 66.887622
48.000000 45.000000 67.153804
49.000000 45.000000 67.152092
50.000000 45.000000 66.928102
51.000000 45.000000 66.502502
52.000000 45.000000 65.873553
53.000000 45.000000 65.018980
54.000000 45.000000 63.896832
55.000000 45.000000 62.445114
56.000000 45.000000 60.580019
57.000000 45.000000 58.192660
58.000000 45.000000 55.144471
59.000000 45.000000 51.262262
60.000000 45.000000 46.335905
61.000000 45.000000 40.125922
62.000000 45.000000 32.395983
63.000000 45.000000 22.995367
64.000000 45.000000 12.016459
65.000000 45.000000 0.000000
0.000000 46.000000 0.000000
1.000000 46.000000 15.249445
2.000000 46.000000 28.538524
3.000000 46.000000 39.236579
4.000000 46.000000 47.525266
5.000000 46.000000 53.851149
6.000000 46.000000 58.663212
7.000000 46.000000 62.330359
8.000000 46.000000 65.133994
9.000000 46.000000 67.283186
10.000000 46.000000 68.932315
11.000000 46.000000 70.195233
12.000000 46.000000 71.155130
13.000000 46.000000 71.870716
14.000000 46.000000 72.379520
15.000000 46.000000 72.698902
16.000000 46.000000 72.825109
17.000000 46.000000 72.730441
18.000000 46.000000 72.358424
19.000000 46.000000 71.616938
20.000000 46.000000 70.369881
21.000000 46.000000 68.430487
22.000000 46.000000 65.566369
23.000000 46.000000 61.542390
24.000000 46.000000 56.253553
25.000000 46.000000 50.000000
26.000000 46.000000 57.238343
27.000000 46.000000 63.464327
28.000000 46.000000 68.331123
29.000000 46.000000 71.898095
30.000000 46.000000 74.354493
31.000000 46.000000 75.883637
32.000000 46.000000 76.615492
33.000000 46.000000 76.615492
34.000000 46.000000 75.883637
35.000000 46.000000 74.354493
36.000000 46.000000 71.898095
37.000000 46.000000 68.331123
38.000000 46.000000 63.464327
39.000000 46.000000 57.238343
40.000000 46.000000 50.000000
41.000000 46.000000 56.253553
42.000000 46.000000 61.542390
43.000000 46.000000 65.566369
44.000000 46.000000 68.430487
45.000000 46.000000 70.369881
46.000000 46.000000 71.616938
47.000000 46.000000 72.358424
48.000000 46.000000 72.730441
49.000000 46.000000 72.825109
50.000000 46.000000 72.698902
51.000000 46.000000 72.379520
52.000000 46.000000 71.870716
53.000000 46.000000 71.155130
54.000000 46.000000 70.195233
55.000000 46.000000 68.932315
56.000000 46.000000 67.283186
57.000000 46.000000 65.133994
58.000000 46.000000 62.330359
59.000000 46.000000 58.663212
60.000000 46.000000 53.851149
61.000000 46.000000 47.525266
62.000000 46.000000 39.236579
63.000000 46.000000 28.538524
64.000000 46.000000 15.249445
65.000000 46.000000 0.000000
0.000000 47.000000 0.000000
1.000000 47.000000 20.462317
2.000000 47.000000 36.712409
3.000000 47.000000 48.547688
4.000000 47.000000 56.971665
5.000000 47.000000 62.989415
6.000000 47.000000 67.344999
7.000000 47.000000 70.543826
8.000000 47.000000 72.922803
9.000000 47.000000 74.708427
10.000000 47.000000 76.055749
11.000000 47.000000 77.072640
12.000000 47.000000 77.834357
13.000000 47.000000 78.391890
14.000000 47.000000 78.776254
15.000000 47.000000 78.999872
16.000000 47.000000 79.055503
17.000000 47.000000 78.912599
18.000000 47.000000 78.510323
19.000000 47.000000 77.745689
20.000000 47.000000 76.454502
21.000000 47.000000 74.382979
22.000000 47.000000 71.153572
23.000000 47.000000 66.254879
24.000000 47.000000 59.174045
25.000000 47.000000 50.000000
26.000000 47.000000 59.855483
27.000000 47.000000 67.583139
28.000000 47.000000 73.059412
29.000000 47.000000 76.761936
30.000000 47.000000 79.164630
31.000000 47.000000 80.602151
32.000000 47.000000 81.274830
33.000000 47.000000 81.274830
34.000000 47.000000 80.602151
35.000000 47.000000 79.164630
36.000000 47.000000 76.761936
37.000000 47.000000 73.059412
38.000000 47.000000 67.583139
39.000000 47.000000 59.855483
40.000000 47.000000 50.000000
41.000000 47.000000 59.174045
42.000000 47.000000 66.254879
43.000000 47.000000 71.153572
44.000000 47.000000 74.382979
45.000000 47.000000 76.454502
46.000000 47.000000 77.745689
47.000000 47.000000 78.510323
48.000000 47.000000 78.912599
49.000000 47.000000 79.055503
50.000000 47.000000 78.999872
51.000000 47.000000 78.776254
52.000000 47.000000 78.391890
53.000000 47.000000 77.834357
54.000000 47.000000 77.072640
55.000000 47.000000 76.055749
56.000000 47.000000 74.708427
57.000000 47.000000 72.922803
58.000000 47.000000 70.543826
59.000000 47.000000 67.344999
60.000000 47.000000 62.989415
61.000000 47.000000 56.971665
62.000000 47.000000 48.547688
63.000000 47.000000 36.712409
64.000000 47.000000 20.462317
65.000000 47.000000 0.000000
0.000000 48.000000 0.000000
1.000000 48.000000 29.903862
2.000000 48.000000 49.334491
3.000000 48.000000 61.321315
4.000000 48.000000 68.894528
5.000000 48.000000 73.880412
6.000000 48.000000 77.295668
7.000000 48.000000 79.711766
8.000000 48.000000 81.462562
9.000000 48.000000 82.752387
10.000000 48.000000 83.711935
11.000000 48.000000 84.427708
12.000000 48.000000 84.957802
13.000000 48.000000 85.340336
14.000000 48.000000 85.597608
15.000000 48.000000 85.737423
16.000000 48.000000 85.752073
17.000000 48.000000 85.614674
18.000000 48.000000 85.271594
19.000000 48.000000 84.627980
20.000000 48.000000 83.520124
21.000000 48.000000 81.661855
22.000000 48.000000 78.541305
23.000000 48.000000 73.239406
24.000000 48.000000 64.233433
25.000000 48.000000 50.000000
26.000000 48.000000 64.660469
27.000000 48.000000 74.070745
28.000000 48.000000 79.731120
29.000000 48.000000 83.140111
30.000000 48.000000 85.189906
31.000000 48.000000 86.360008
32.000000 48.000000 86.893885
33.000000 48.000000 86.893885
34.000000 48.000000 86.360008
35.000000 48.000000 85.189906
36.000000 48.000000 83.140111
37.000000 48.000000 79.731120
38.000000 48.000000 74.070745
39.000000 48.000000 64.660469
40.000000 48.000000 50.000000
41.000000 48.000000 64.233433
42.000000 48.000000 73.239406
43.000000 48.000000 78.541305
44.000000 48.000000 81.661855
45.000000 48.000000 83.520124
46.000000 48.000000 84.627980
47.000000 48.000000 85.271594
48.000000 48.000000 85.614674
49.000000 48.000000 85.752073
50.000000 48.000000 85.737423
51.000000 48.000000 85.597608
52.000000 48.000000 85.340336
53.000000 48.000000 84.957802
54.000000 48.000000 84.427708
55.000000 48.000000 83.711935
56.000000 48.000000 82.752387
57.000000 48.000000 81.462562
58.000000 48.000000 79.711766
59.000000 48.000000 77.295668
60.000000 48.000000 73.880412
61.000000 48.000000 68.894528
62.000000 48.000000 61.321315
63.000000 48.000000 49.334491
64.000000 48.000000 29.903862
65.000000 48.000000 0.000000
0.000000 49.000000 0.000000
1.000000 49.000000 49.830522
2.000000 49.000000 69.424452
3.000000 49.000000 78.545401
4.000000 49.000000 83.455104
5.000000 49.000000 86.406789
6.000000 49.000000 88.325376
7.000000 49.000000 89.640588
8.000000 49.000000 90.574820
9.000000 49.000000 91.253904
10.000000 49.000000 91.754232
11.000000 49.000000 92.124578
12.000000 49.000000 92.396860
13.000000 49.000000 92.591587
14.000000 49.000000 92.720455
15.000000 49.000000 92.787170
16.000000 49.000000 92.786794
17.000000 49.000000 92.703376
18.000000 49.000000 92.504761
19.000000 49.000000 92.131834
20.000000 49.000000 91.475122
21.000000 49.000000 90.319627
22.000000 49.000000 88.201171
23.000000 49.000000 83.990167
24.000000 49.000000 74.551865
25.000000 49.000000 50.000000
26.000000 49.000000 74.757186
27.000000 49.000000 84.389506
28.000000 49.000000 88.771633
29.000000 49.000000 91.025930
30.000000 49.000000 92.267865
31.000000 49.000000 92.944056
32.000000 49.000000 93.245464
33.000000 49.000000 93.245464
34.000000 49.000000 92.944056
35.000000 49.000000 92.267865
36.000000 49.000000 91.025930
37.000000 49.000000 88.771633
38.000000 49.000000 84.389506
39.000000 49.000000 74.757186
40.000000 49.000000 50.000000
41.000000 49.000000 74.551865
42.000000 49.000000 83.990167
43.000000 49.000000 88.201171
44.000000 49.000000 90.319627
45.000000 49.000000 91.475122
46.000000 49.000000 92.131834
47.000000 49.000000 92.504761
48.000000 49.000000 92.703376
49.000000 49.000000 92.786794
50.000000 49.000000 92.787170
51.000000 49.000000 92.720455
52.000000 49.000000 92.591587
53.000000 49.000000 92.396860
54.000000 49.000000 92.124578
55.000000 49.000000 91.754232
56.000000 49.000000 91.253904
57.000000 49.000000 90.574820
58.000000 49.000000 89.640588
59.000000 49.000000 88.325376
60.000000 49.000000 86.406789
61.000000 49.000000 83.455104
62.000000 49.000000 78.545401
63.000000 49.000000 69.424452
64.000000 49.000000 49.830522
65.000000 49.000000 0.000000
0.000000 50.000000 100.000000
1.000000 50.000000 100.000000
2.000000 50.000000 100.000000
3.000000 50.000000 100.000000
4.000000 50.000000 100.000000
5.000000 50.000000 100.000000
6.000000 50.000000 100.000000
7.000000 50.000000 100.000000
8.000000 50.000000 100.000000
9.000000 50.000000 100.000000
10.000000 50.000000 100.000000
11.000000 50.000000 100.000000
12.000000 50.000000 100.000000
13.000000 50.000000 100.000000
14.000000 50.000000 100.000000
15.000000 50.000000 100.000000
16.000000 50.000000 100.000000
17.000000 50.000000 100.000000
18.000000 50.000000 100.000000
19.000000 50.000000 100.000000
20.000000 50.000000 100.000000
21.000000 50.000000 100.000000
22.000000 50.000000 100.000000
23.000000 50.000000 100.000000
24.000000 50.000000 100.000000
25.000000 50.000000 100.000000
26.000000 50.000000 100.000000
27.000000 50.000000 100.000000
28.000000 50.000000 100.000000
29.000000 50.000000 100.000000
30.000000 50.000000 100.000000
31.000000 50.000000 100.000000
32.000000 50.000000 100.000000
33.000000 50.000000 100.000000
34.000000 50.000000 100.000000
35.000000 50.000000 100.000000
36.000000 50.000000 100.000000
37.000000 50.000000 100.000000
38.000000 50.000000 100.000000
39.000000 50.000000 100.000000
40.000000 50.000000 100.000000
41.000000 50.000000 100.000000
42.000000 50.000000 100.000000
43.000000 50.000000 100.000000
44.000000 50.000000 100.000000
45.000000 50.000000 100.000000
46.000000 50.000000 100.000000
47.000000 50.000000 100.000000
48.000000 50.000000 100.000000
49.000000 50.000000 100.000000
50.000000 50.000000 100.000000
51.000000 50.000000 100.000000
52.000000 50.000000 100.000000
53.000000 50.000000 100.000000
54.000000 50.000000 100.000000
55.000000 50.000000 100.000000
56.000000 50.000000 100.000000
57.000000 50.000000 100.000000
58.000000 50.000000 100.000000
59.000000 50.000000 100.000000
60.000000 50.000000 100.000000
61.000000 50.000000 100.000000
62.000000 50.000000 100.000000
63.000000 50.000000 100.000000
64.000000 50.000000 100.000000
65.000000 50.000000 100.000000
